This is pdfTeX, Version 3.14159265-2.6-1.40.20 (TeX Live 2019/Debian) (preloaded format=pdflatex 2020.7.21)  31 JUL 2020 13:09
entering extended mode
 \write18 enabled.
 file:line:error style messages enabled.
 %&-line parsing enabled.
**/home/narendiran/Desktop/Atmega328pNotes/documentation/ATmega328P_NOTES.tex
(/home/narendiran/Desktop/Atmega328pNotes/documentation/ATmega328P_NOTES.tex
LaTeX2e <2020-02-02> patch level 2
L3 programming layer <2020-02-14> (/usr/share/texlive/texmf-dist/tex/latex/base/book.cls
Document Class: book 2019/12/20 v1.4l Standard LaTeX document class
(/usr/share/texlive/texmf-dist/tex/latex/base/bk10.clo
File: bk10.clo 2019/12/20 v1.4l Standard LaTeX file (size option)
)
\c@part=\count167
\c@chapter=\count168
\c@section=\count169
\c@subsection=\count170
\c@subsubsection=\count171
\c@paragraph=\count172
\c@subparagraph=\count173
\c@figure=\count174
\c@table=\count175
\abovecaptionskip=\skip47
\belowcaptionskip=\skip48
\bibindent=\dimen134
) (/home/narendiran/Desktop/Atmega328pNotes/documentation/NeededPackages.sty
Package: NeededPackages 
 (/usr/share/texlive/texmf-dist/tex/latex/geometry/geometry.sty
Package: geometry 2020/01/02 v5.9 Page Geometry
 (/usr/share/texlive/texmf-dist/tex/latex/graphics/keyval.sty
Package: keyval 2014/10/28 v1.15 key=value parser (DPC)
\KV@toks@=\toks14
) (/usr/share/texlive/texmf-dist/tex/generic/iftex/ifvtex.sty
Package: ifvtex 2019/10/25 v1.7 ifvtex legacy package. Use iftex instead.
 (/usr/share/texlive/texmf-dist/tex/generic/iftex/iftex.sty
Package: iftex 2019/11/07 v1.0c TeX engine tests
))
\Gm@cnth=\count176
\Gm@cntv=\count177
\c@Gm@tempcnt=\count178
\Gm@bindingoffset=\dimen135
\Gm@wd@mp=\dimen136
\Gm@odd@mp=\dimen137
\Gm@even@mp=\dimen138
\Gm@layoutwidth=\dimen139
\Gm@layoutheight=\dimen140
\Gm@layouthoffset=\dimen141
\Gm@layoutvoffset=\dimen142
\Gm@dimlist=\toks15
) (/usr/share/texlive/texmf-dist/tex/latex/wrapfig/wrapfig.sty
\wrapoverhang=\dimen143
\WF@size=\dimen144
\c@WF@wrappedlines=\count179
\WF@box=\box45
\WF@everypar=\toks16
Package: wrapfig 2003/01/31  v 3.6
) (/usr/share/texlive/texmf-dist/tex/latex/natbib/natbib.sty
Package: natbib 2010/09/13 8.31b (PWD, AO)
\bibhang=\skip49
\bibsep=\skip50
LaTeX Info: Redefining \cite on input line 694.
\c@NAT@ctr=\count180
) (/usr/share/texlive/texmf-dist/tex/latex/url/url.sty
\Urlmuskip=\muskip16
Package: url 2013/09/16  ver 3.4  Verb mode for urls, etc.
) (/usr/share/texlive/texmf-dist/tex/latex/xcolor/xcolor.sty
Package: xcolor 2016/05/11 v2.12 LaTeX color extensions (UK)
 (/usr/share/texlive/texmf-dist/tex/latex/graphics-cfg/color.cfg
File: color.cfg 2016/01/02 v1.6 sample color configuration
)
Package xcolor Info: Driver file: pdftex.def on input line 225.
 (/usr/share/texlive/texmf-dist/tex/latex/graphics-def/pdftex.def
File: pdftex.def 2018/01/08 v1.0l Graphics/color driver for pdftex
)
Package xcolor Info: Model `cmy' substituted by `cmy0' on input line 1348.
Package xcolor Info: Model `hsb' substituted by `rgb' on input line 1352.
Package xcolor Info: Model `RGB' extended on input line 1364.
Package xcolor Info: Model `HTML' substituted by `rgb' on input line 1366.
Package xcolor Info: Model `Hsb' substituted by `hsb' on input line 1367.
Package xcolor Info: Model `tHsb' substituted by `hsb' on input line 1368.
Package xcolor Info: Model `HSB' substituted by `hsb' on input line 1369.
Package xcolor Info: Model `Gray' substituted by `gray' on input line 1370.
Package xcolor Info: Model `wave' substituted by `hsb' on input line 1371.
) (/usr/share/texlive/texmf-dist/tex/latex/caption/caption.sty
Package: caption 2020/01/03 v3.4h Customizing captions (AR)
 (/usr/share/texlive/texmf-dist/tex/latex/caption/caption3.sty
Package: caption3 2020/01/03 v1.8h caption3 kernel (AR)
Package caption3 Info: TeX engine: e-TeX on input line 61.
\captionmargin=\dimen145
\captionmargin@=\dimen146
\captionwidth=\dimen147
\caption@tempdima=\dimen148
\caption@indent=\dimen149
\caption@parindent=\dimen150
\caption@hangindent=\dimen151
Package caption Info: Standard document class detected.
)
\c@caption@flags=\count181
\c@continuedfloat=\count182
Package caption Info: wrapfig package is loaded.
) (/usr/share/texlive/texmf-dist/tex/latex/hyperref/hyperref.sty
Package: hyperref 2020/01/14 v7.00d Hypertext links for LaTeX
 (/usr/share/texlive/texmf-dist/tex/generic/ltxcmds/ltxcmds.sty
Package: ltxcmds 2019/12/15 v1.24 LaTeX kernel commands for general use (HO)
) (/usr/share/texlive/texmf-dist/tex/latex/pdftexcmds/pdftexcmds.sty
Package: pdftexcmds 2019/11/24 v0.31 Utility functions of pdfTeX for LuaTeX (HO)
 (/usr/share/texlive/texmf-dist/tex/generic/infwarerr/infwarerr.sty
Package: infwarerr 2019/12/03 v1.5 Providing info/warning/error messages (HO)
)
Package pdftexcmds Info: \pdf@primitive is available.
Package pdftexcmds Info: \pdf@ifprimitive is available.
Package pdftexcmds Info: \pdfdraftmode found.
) (/usr/share/texlive/texmf-dist/tex/generic/kvsetkeys/kvsetkeys.sty
Package: kvsetkeys 2019/12/15 v1.18 Key value parser (HO)
) (/usr/share/texlive/texmf-dist/tex/generic/kvdefinekeys/kvdefinekeys.sty
Package: kvdefinekeys 2019-12-19 v1.6 Define keys (HO)
) (/usr/share/texlive/texmf-dist/tex/generic/pdfescape/pdfescape.sty
Package: pdfescape 2019/12/09 v1.15 Implements pdfTeX's escape features (HO)
) (/usr/share/texlive/texmf-dist/tex/latex/hycolor/hycolor.sty
Package: hycolor 2020-01-27 v1.10 Color options for hyperref/bookmark (HO)
) (/usr/share/texlive/texmf-dist/tex/latex/letltxmacro/letltxmacro.sty
Package: letltxmacro 2019/12/03 v1.6 Let assignment for LaTeX macros (HO)
) (/usr/share/texlive/texmf-dist/tex/latex/auxhook/auxhook.sty
Package: auxhook 2019-12-17 v1.6 Hooks for auxiliary files (HO)
) (/usr/share/texlive/texmf-dist/tex/latex/kvoptions/kvoptions.sty
Package: kvoptions 2019/11/29 v3.13 Key value format for package options (HO)
)
\@linkdim=\dimen152
\Hy@linkcounter=\count183
\Hy@pagecounter=\count184
 (/usr/share/texlive/texmf-dist/tex/latex/hyperref/pd1enc.def
File: pd1enc.def 2020/01/14 v7.00d Hyperref: PDFDocEncoding definition (HO)
Now handling font encoding PD1 ...
... no UTF-8 mapping file for font encoding PD1
) (/usr/share/texlive/texmf-dist/tex/generic/intcalc/intcalc.sty
Package: intcalc 2019/12/15 v1.3 Expandable calculations with integers (HO)
) (/usr/share/texlive/texmf-dist/tex/generic/etexcmds/etexcmds.sty
Package: etexcmds 2019/12/15 v1.7 Avoid name clashes with e-TeX commands (HO)
)
\Hy@SavedSpaceFactor=\count185
\pdfmajorversion=\count186
Package hyperref Info: Hyper figures OFF on input line 4547.
Package hyperref Info: Link nesting OFF on input line 4552.
Package hyperref Info: Hyper index ON on input line 4555.
Package hyperref Info: Plain pages OFF on input line 4562.
Package hyperref Info: Backreferencing OFF on input line 4567.
Package hyperref Info: Implicit mode ON; LaTeX internals redefined.
Package hyperref Info: Bookmarks ON on input line 4800.
\c@Hy@tempcnt=\count187
LaTeX Info: Redefining \url on input line 5159.
\XeTeXLinkMargin=\dimen153
 (/usr/share/texlive/texmf-dist/tex/generic/bitset/bitset.sty
Package: bitset 2019/12/09 v1.3 Handle bit-vector datatype (HO)
 (/usr/share/texlive/texmf-dist/tex/generic/bigintcalc/bigintcalc.sty
Package: bigintcalc 2019/12/15 v1.5 Expandable calculations on big integers (HO)
))
\Fld@menulength=\count188
\Field@Width=\dimen154
\Fld@charsize=\dimen155
Package hyperref Info: Hyper figures OFF on input line 6430.
Package hyperref Info: Link nesting OFF on input line 6435.
Package hyperref Info: Hyper index ON on input line 6438.
Package hyperref Info: backreferencing OFF on input line 6445.
Package hyperref Info: Link coloring OFF on input line 6450.
Package hyperref Info: Link coloring with OCG OFF on input line 6455.
Package hyperref Info: PDF/A mode OFF on input line 6460.
LaTeX Info: Redefining \ref on input line 6500.
LaTeX Info: Redefining \pageref on input line 6504.
 (/usr/share/texlive/texmf-dist/tex/generic/atbegshi/atbegshi.sty
Package: atbegshi 2019/12/05 v1.19 At begin shipout hook (HO)
)
\Hy@abspage=\count189
\c@Item=\count190
\c@Hfootnote=\count191
)
Package hyperref Info: Driver (autodetected): hpdftex.
 (/usr/share/texlive/texmf-dist/tex/latex/hyperref/hpdftex.def
File: hpdftex.def 2020/01/14 v7.00d Hyperref driver for pdfTeX
 (/usr/share/texlive/texmf-dist/tex/latex/atveryend/atveryend.sty
Package: atveryend 2019-12-11 v1.11 Hooks at the very end of document (HO)
Package atveryend Info: \enddocument detected (standard20110627).
)
\Fld@listcount=\count192
\c@bookmark@seq@number=\count193
 (/usr/share/texlive/texmf-dist/tex/latex/rerunfilecheck/rerunfilecheck.sty
Package: rerunfilecheck 2019/12/05 v1.9 Rerun checks for auxiliary files (HO)
 (/usr/share/texlive/texmf-dist/tex/generic/uniquecounter/uniquecounter.sty
Package: uniquecounter 2019/12/15 v1.4 Provide unlimited unique counter (HO)
)
Package uniquecounter Info: New unique counter `rerunfilecheck' on input line 286.
)
\Hy@SectionHShift=\skip51
)
Package hyperref Info: Option `colorlinks' set `true' on input line 12.
 (/usr/share/texlive/texmf-dist/tex/latex/multirow/multirow.sty
Package: multirow 2019/05/31 v2.5 Span multiple rows of a table
\multirow@colwidth=\skip52
\multirow@cntb=\count194
\multirow@dima=\skip53
\bigstrutjot=\dimen156
) (/home/narendiran/Desktop/Atmega328pNotes/documentation/bytefield.sty
Package: bytefield 2017/09/15 v2.4 Network protocol diagrams
 (/usr/share/texlive/texmf-dist/tex/latex/tools/calc.sty
Package: calc 2017/05/25 v4.3 Infix arithmetic (KKT,FJ)
\calc@Acount=\count195
\calc@Bcount=\count196
\calc@Adimen=\dimen157
\calc@Bdimen=\dimen158
\calc@Askip=\skip54
\calc@Bskip=\skip55
LaTeX Info: Redefining \setlength on input line 80.
LaTeX Info: Redefining \addtolength on input line 81.
\calc@Ccount=\count197
\calc@Cskip=\skip56
)
\bytefield@height=\skip57
\bytefield@height@increment=\skip58
\entire@bytefield@picture=\box46
\bf@bitwidth=\skip59
\bf@bitheight=\skip60
\units@wide=\skip61
\units@tall=\skip62
\units@high=\skip63
\header@xpos=\skip64
\c@header@val=\count198
\c@max@header@val=\count199
\curly@box=\box47
\wordlabelr@start=\skip65
\wordlabelr@end=\skip66
\wordlabell@start=\skip67
\wordlabell@end=\skip68
\total@lbox@width=\skip69
\label@box@width=\skip70
\label@box@height=\skip71
\word@label@box=\box48
) (/usr/share/texlive/texmf-dist/tex/latex/standalone/standalone.sty
Package: standalone 2018/03/26 v1.3a Package to include TeX sub-files with preambles
 (/usr/share/texlive/texmf-dist/tex/latex/tools/shellesc.sty
Package: shellesc 2019/11/08 v1.0c unified shell escape interface for LaTeX
Package shellesc Info: Unrestricted shell escape enabled on input line 75.
) (/usr/share/texlive/texmf-dist/tex/latex/xkeyval/xkeyval.sty
Package: xkeyval 2014/12/03 v2.7a package option processing (HA)
 (/usr/share/texlive/texmf-dist/tex/generic/xkeyval/xkeyval.tex (/usr/share/texlive/texmf-dist/tex/generic/xkeyval/xkvutils.tex
\XKV@toks=\toks17
\XKV@tempa@toks=\toks18
)
\XKV@depth=\count266
File: xkeyval.tex 2014/12/03 v2.7a key=value parser (HA)
)) (/usr/share/texlive/texmf-dist/tex/latex/currfile/currfile.sty
Package: currfile 2015/04/23 v0.7c Provides the file path elements of the current input file
 (/usr/share/texlive/texmf-dist/tex/latex/filehook/filehook.sty
Package: filehook 2020/02/03 v0.7 Hooks for input files
)
\c@currfiledepth=\count267
) (/usr/share/texlive/texmf-dist/tex/latex/gincltex/gincltex.sty (/usr/share/texlive/texmf-dist/tex/latex/svn-prov/svn-prov.sty
Package: svn-prov 2010/04/24 v3.1862 Package Date/Version from SVN Keywords
)
Package: gincltex 2011/09/04 v0.3 Include external LaTeX files like graphics
 (/usr/share/texlive/texmf-dist/tex/latex/adjustbox/adjustbox.sty
Package: adjustbox 2019/01/04 v1.2 Adjusting TeX boxes (trim, clip, ...)
 (/usr/share/texlive/texmf-dist/tex/latex/adjustbox/adjcalc.sty
Package: adjcalc 2012/05/16 v1.1 Provides advanced setlength with multiple back-ends (calc, etex, pgfmath)
) (/usr/share/texlive/texmf-dist/tex/latex/adjustbox/trimclip.sty
Package: trimclip 2018/04/08 v1.1 Trim and clip general TeX material
 (/usr/share/texlive/texmf-dist/tex/latex/graphics/graphicx.sty
Package: graphicx 2019/11/30 v1.2a Enhanced LaTeX Graphics (DPC,SPQR)
 (/usr/share/texlive/texmf-dist/tex/latex/graphics/graphics.sty
Package: graphics 2019/11/30 v1.4a Standard LaTeX Graphics (DPC,SPQR)
 (/usr/share/texlive/texmf-dist/tex/latex/graphics/trig.sty
Package: trig 2016/01/03 v1.10 sin cos tan (DPC)
) (/usr/share/texlive/texmf-dist/tex/latex/graphics-cfg/graphics.cfg
File: graphics.cfg 2016/06/04 v1.11 sample graphics configuration
)
Package graphics Info: Driver file: pdftex.def on input line 105.
)
\Gin@req@height=\dimen159
\Gin@req@width=\dimen160
) (/usr/share/texlive/texmf-dist/tex/latex/collectbox/collectbox.sty
Package: collectbox 2012/05/17 v0.4b Collect macro arguments as boxes
\collectedbox=\box49
)
\tc@llx=\dimen161
\tc@lly=\dimen162
\tc@urx=\dimen163
\tc@ury=\dimen164
Package trimclip Info: Using driver 'tc-pdftex.def'.
 (/usr/share/texlive/texmf-dist/tex/latex/adjustbox/tc-pdftex.def
File: tc-pdftex.def 2019/01/04 v2.2 Clipping driver for pdftex
))
\adjbox@Width=\dimen165
\adjbox@Height=\dimen166
\adjbox@Depth=\dimen167
\adjbox@Totalheight=\dimen168
\adjbox@pwidth=\dimen169
\adjbox@pheight=\dimen170
\adjbox@pdepth=\dimen171
\adjbox@ptotalheight=\dimen172
 (/usr/share/texlive/texmf-dist/tex/latex/ifoddpage/ifoddpage.sty
Package: ifoddpage 2016/04/23 v1.1 Conditionals for odd/even page detection
\c@checkoddpage=\count268
) (/usr/share/texlive/texmf-dist/tex/latex/varwidth/varwidth.sty
Package: varwidth 2009/03/30 ver 0.92;  Variable-width minipages
\@vwid@box=\box50
\sift@deathcycles=\count269
\@vwid@loff=\dimen173
\@vwid@roff=\dimen174
))
\gincltex@box=\box51
) (/usr/share/texlive/texmf-dist/tex/latex/filemod/filemod-expmin.sty
Package: filemod-expmin 2011/09/19 v1.2 Get and compare file modification times (expandable; minimal)
)) (/usr/share/texlive/texmf-dist/tex/latex/ragged2e/ragged2e.sty
Package: ragged2e 2019/07/28 v2.2 ragged2e Package (MS)
 (/usr/share/texlive/texmf-dist/tex/latex/ms/everysel.sty
Package: everysel 2011/10/28 v1.2 EverySelectfont Package (MS)
)
\CenteringLeftskip=\skip72
\RaggedLeftLeftskip=\skip73
\RaggedRightLeftskip=\skip74
\CenteringRightskip=\skip75
\RaggedLeftRightskip=\skip76
\RaggedRightRightskip=\skip77
\CenteringParfillskip=\skip78
\RaggedLeftParfillskip=\skip79
\RaggedRightParfillskip=\skip80
\JustifyingParfillskip=\skip81
\CenteringParindent=\skip82
\RaggedLeftParindent=\skip83
\RaggedRightParindent=\skip84
\JustifyingParindent=\skip85
) (/usr/share/texlive/texmf-dist/tex/latex/amsfonts/amsfonts.sty
Package: amsfonts 2013/01/14 v3.01 Basic AMSFonts support
\@emptytoks=\toks19
\symAMSa=\mathgroup4
\symAMSb=\mathgroup5
LaTeX Font Info:    Redeclaring math symbol \hbar on input line 98.
LaTeX Font Info:    Overwriting math alphabet `\mathfrak' in version `bold'
(Font)                  U/euf/m/n --> U/euf/b/n on input line 106.
) (/usr/share/texlive/texmf-dist/tex/latex/float/float.sty
Package: float 2001/11/08 v1.3d Float enhancements (AL)
\c@float@type=\count270
\float@exts=\toks20
\float@box=\box52
\@float@everytoks=\toks21
\@floatcapt=\box53
) (/usr/share/texlive/texmf-dist/tex/latex/enumitem/enumitem.sty
Package: enumitem 2019/06/20 v3.9 Customized lists
\labelindent=\skip86
\enit@outerparindent=\dimen175
\enit@toks=\toks22
\enit@inbox=\box54
\enit@count@id=\count271
\enitdp@description=\count272
) (/usr/share/texlive/texmf-dist/tex/latex/tikz-timing/tikz-timing.sty
Package: tikz-timing 2017/12/20 v0.7f Digital Timing Diagrams using TikZ
 (/usr/share/texlive/texmf-dist/tex/latex/pgf/frontendlayer/tikz.sty (/usr/share/texlive/texmf-dist/tex/latex/pgf/basiclayer/pgf.sty (/usr/share/texlive/texmf-dist/tex/latex/pgf/utilities/pgfrcs.sty (/usr/share/texlive/texmf-dist/tex/generic/pgf/utilities/pgfutil-common.tex
\pgfutil@everybye=\toks23
\pgfutil@tempdima=\dimen176
\pgfutil@tempdimb=\dimen177
 (/usr/share/texlive/texmf-dist/tex/generic/pgf/utilities/pgfutil-common-lists.tex)) (/usr/share/texlive/texmf-dist/tex/generic/pgf/utilities/pgfutil-latex.def
\pgfutil@abb=\box55
 (/usr/share/texlive/texmf-dist/tex/latex/ms/everyshi.sty
Package: everyshi 2001/05/15 v3.00 EveryShipout Package (MS)
)) (/usr/share/texlive/texmf-dist/tex/generic/pgf/utilities/pgfrcs.code.tex (/usr/share/texlive/texmf-dist/tex/generic/pgf/pgf.revision.tex)
Package: pgfrcs 2020/01/08 v3.1.5b (3.1.5b)
))
Package: pgf 2020/01/08 v3.1.5b (3.1.5b)
 (/usr/share/texlive/texmf-dist/tex/latex/pgf/basiclayer/pgfcore.sty (/usr/share/texlive/texmf-dist/tex/latex/pgf/systemlayer/pgfsys.sty (/usr/share/texlive/texmf-dist/tex/generic/pgf/systemlayer/pgfsys.code.tex
Package: pgfsys 2020/01/08 v3.1.5b (3.1.5b)
 (/usr/share/texlive/texmf-dist/tex/generic/pgf/utilities/pgfkeys.code.tex
\pgfkeys@pathtoks=\toks24
\pgfkeys@temptoks=\toks25
 (/usr/share/texlive/texmf-dist/tex/generic/pgf/utilities/pgfkeysfiltered.code.tex
\pgfkeys@tmptoks=\toks26
))
\pgf@x=\dimen178
\pgf@y=\dimen179
\pgf@xa=\dimen180
\pgf@ya=\dimen181
\pgf@xb=\dimen182
\pgf@yb=\dimen183
\pgf@xc=\dimen184
\pgf@yc=\dimen185
\pgf@xd=\dimen186
\pgf@yd=\dimen187
\w@pgf@writea=\write3
\r@pgf@reada=\read2
\c@pgf@counta=\count273
\c@pgf@countb=\count274
\c@pgf@countc=\count275
\c@pgf@countd=\count276
\t@pgf@toka=\toks27
\t@pgf@tokb=\toks28
\t@pgf@tokc=\toks29
\pgf@sys@id@count=\count277
 (/usr/share/texlive/texmf-dist/tex/generic/pgf/systemlayer/pgf.cfg
File: pgf.cfg 2020/01/08 v3.1.5b (3.1.5b)
)
Driver file for pgf: pgfsys-pdftex.def
 (/usr/share/texlive/texmf-dist/tex/generic/pgf/systemlayer/pgfsys-pdftex.def
File: pgfsys-pdftex.def 2020/01/08 v3.1.5b (3.1.5b)
 (/usr/share/texlive/texmf-dist/tex/generic/pgf/systemlayer/pgfsys-common-pdf.def
File: pgfsys-common-pdf.def 2020/01/08 v3.1.5b (3.1.5b)
))) (/usr/share/texlive/texmf-dist/tex/generic/pgf/systemlayer/pgfsyssoftpath.code.tex
File: pgfsyssoftpath.code.tex 2020/01/08 v3.1.5b (3.1.5b)
\pgfsyssoftpath@smallbuffer@items=\count278
\pgfsyssoftpath@bigbuffer@items=\count279
) (/usr/share/texlive/texmf-dist/tex/generic/pgf/systemlayer/pgfsysprotocol.code.tex
File: pgfsysprotocol.code.tex 2020/01/08 v3.1.5b (3.1.5b)
)) (/usr/share/texlive/texmf-dist/tex/generic/pgf/basiclayer/pgfcore.code.tex
Package: pgfcore 2020/01/08 v3.1.5b (3.1.5b)
 (/usr/share/texlive/texmf-dist/tex/generic/pgf/math/pgfmath.code.tex (/usr/share/texlive/texmf-dist/tex/generic/pgf/math/pgfmathcalc.code.tex (/usr/share/texlive/texmf-dist/tex/generic/pgf/math/pgfmathutil.code.tex) (/usr/share/texlive/texmf-dist/tex/generic/pgf/math/pgfmathparser.code.tex
\pgfmath@dimen=\dimen188
\pgfmath@count=\count280
\pgfmath@box=\box56
\pgfmath@toks=\toks30
\pgfmath@stack@operand=\toks31
\pgfmath@stack@operation=\toks32
) (/usr/share/texlive/texmf-dist/tex/generic/pgf/math/pgfmathfunctions.code.tex (/usr/share/texlive/texmf-dist/tex/generic/pgf/math/pgfmathfunctions.basic.code.tex) (/usr/share/texlive/texmf-dist/tex/generic/pgf/math/pgfmathfunctions.trigonometric.code.tex) (/usr/share/texlive/texmf-dist/tex/generic/pgf/math/pgfmathfunctions.random.code.tex) (/usr/share/texlive/texmf-dist/tex/generic/pgf/math/pgfmathfunctions.comparison.code.tex) (/usr/share/texlive/texmf-dist/tex/generic/pgf/math/pgfmathfunctions.base.code.tex) (/usr/share/texlive/texmf-dist/tex/generic/pgf/math/pgfmathfunctions.round.code.tex) (/usr/share/texlive/texmf-dist/tex/generic/pgf/math/pgfmathfunctions.misc.code.tex) (/usr/share/texlive/texmf-dist/tex/generic/pgf/math/pgfmathfunctions.integerarithmetics.code.tex))) (/usr/share/texlive/texmf-dist/tex/generic/pgf/math/pgfmathfloat.code.tex
\c@pgfmathroundto@lastzeros=\count281
)) (/usr/share/texlive/texmf-dist/tex/generic/pgf/math/pgfint.code.tex) (/usr/share/texlive/texmf-dist/tex/generic/pgf/basiclayer/pgfcorepoints.code.tex
File: pgfcorepoints.code.tex 2020/01/08 v3.1.5b (3.1.5b)
\pgf@picminx=\dimen189
\pgf@picmaxx=\dimen190
\pgf@picminy=\dimen191
\pgf@picmaxy=\dimen192
\pgf@pathminx=\dimen193
\pgf@pathmaxx=\dimen194
\pgf@pathminy=\dimen195
\pgf@pathmaxy=\dimen196
\pgf@xx=\dimen197
\pgf@xy=\dimen198
\pgf@yx=\dimen199
\pgf@yy=\dimen256
\pgf@zx=\dimen257
\pgf@zy=\dimen258
) (/usr/share/texlive/texmf-dist/tex/generic/pgf/basiclayer/pgfcorepathconstruct.code.tex
File: pgfcorepathconstruct.code.tex 2020/01/08 v3.1.5b (3.1.5b)
\pgf@path@lastx=\dimen259
\pgf@path@lasty=\dimen260
) (/usr/share/texlive/texmf-dist/tex/generic/pgf/basiclayer/pgfcorepathusage.code.tex
File: pgfcorepathusage.code.tex 2020/01/08 v3.1.5b (3.1.5b)
\pgf@shorten@end@additional=\dimen261
\pgf@shorten@start@additional=\dimen262
) (/usr/share/texlive/texmf-dist/tex/generic/pgf/basiclayer/pgfcorescopes.code.tex
File: pgfcorescopes.code.tex 2020/01/08 v3.1.5b (3.1.5b)
\pgfpic=\box57
\pgf@hbox=\box58
\pgf@layerbox@main=\box59
\pgf@picture@serial@count=\count282
) (/usr/share/texlive/texmf-dist/tex/generic/pgf/basiclayer/pgfcoregraphicstate.code.tex
File: pgfcoregraphicstate.code.tex 2020/01/08 v3.1.5b (3.1.5b)
\pgflinewidth=\dimen263
) (/usr/share/texlive/texmf-dist/tex/generic/pgf/basiclayer/pgfcoretransformations.code.tex
File: pgfcoretransformations.code.tex 2020/01/08 v3.1.5b (3.1.5b)
\pgf@pt@x=\dimen264
\pgf@pt@y=\dimen265
\pgf@pt@temp=\dimen266
) (/usr/share/texlive/texmf-dist/tex/generic/pgf/basiclayer/pgfcorequick.code.tex
File: pgfcorequick.code.tex 2020/01/08 v3.1.5b (3.1.5b)
) (/usr/share/texlive/texmf-dist/tex/generic/pgf/basiclayer/pgfcoreobjects.code.tex
File: pgfcoreobjects.code.tex 2020/01/08 v3.1.5b (3.1.5b)
) (/usr/share/texlive/texmf-dist/tex/generic/pgf/basiclayer/pgfcorepathprocessing.code.tex
File: pgfcorepathprocessing.code.tex 2020/01/08 v3.1.5b (3.1.5b)
) (/usr/share/texlive/texmf-dist/tex/generic/pgf/basiclayer/pgfcorearrows.code.tex
File: pgfcorearrows.code.tex 2020/01/08 v3.1.5b (3.1.5b)
\pgfarrowsep=\dimen267
) (/usr/share/texlive/texmf-dist/tex/generic/pgf/basiclayer/pgfcoreshade.code.tex
File: pgfcoreshade.code.tex 2020/01/08 v3.1.5b (3.1.5b)
\pgf@max=\dimen268
\pgf@sys@shading@range@num=\count283
\pgf@shadingcount=\count284
) (/usr/share/texlive/texmf-dist/tex/generic/pgf/basiclayer/pgfcoreimage.code.tex
File: pgfcoreimage.code.tex 2020/01/08 v3.1.5b (3.1.5b)
 (/usr/share/texlive/texmf-dist/tex/generic/pgf/basiclayer/pgfcoreexternal.code.tex
File: pgfcoreexternal.code.tex 2020/01/08 v3.1.5b (3.1.5b)
\pgfexternal@startupbox=\box60
)) (/usr/share/texlive/texmf-dist/tex/generic/pgf/basiclayer/pgfcorelayers.code.tex
File: pgfcorelayers.code.tex 2020/01/08 v3.1.5b (3.1.5b)
) (/usr/share/texlive/texmf-dist/tex/generic/pgf/basiclayer/pgfcoretransparency.code.tex
File: pgfcoretransparency.code.tex 2020/01/08 v3.1.5b (3.1.5b)
) (/usr/share/texlive/texmf-dist/tex/generic/pgf/basiclayer/pgfcorepatterns.code.tex
File: pgfcorepatterns.code.tex 2020/01/08 v3.1.5b (3.1.5b)
) (/usr/share/texlive/texmf-dist/tex/generic/pgf/basiclayer/pgfcorerdf.code.tex
File: pgfcorerdf.code.tex 2020/01/08 v3.1.5b (3.1.5b)
))) (/usr/share/texlive/texmf-dist/tex/generic/pgf/modules/pgfmoduleshapes.code.tex
File: pgfmoduleshapes.code.tex 2020/01/08 v3.1.5b (3.1.5b)
\pgfnodeparttextbox=\box61
) (/usr/share/texlive/texmf-dist/tex/generic/pgf/modules/pgfmoduleplot.code.tex
File: pgfmoduleplot.code.tex 2020/01/08 v3.1.5b (3.1.5b)
) (/usr/share/texlive/texmf-dist/tex/latex/pgf/compatibility/pgfcomp-version-0-65.sty
Package: pgfcomp-version-0-65 2020/01/08 v3.1.5b (3.1.5b)
\pgf@nodesepstart=\dimen269
\pgf@nodesepend=\dimen270
) (/usr/share/texlive/texmf-dist/tex/latex/pgf/compatibility/pgfcomp-version-1-18.sty
Package: pgfcomp-version-1-18 2020/01/08 v3.1.5b (3.1.5b)
)) (/usr/share/texlive/texmf-dist/tex/latex/pgf/utilities/pgffor.sty (/usr/share/texlive/texmf-dist/tex/latex/pgf/utilities/pgfkeys.sty (/usr/share/texlive/texmf-dist/tex/generic/pgf/utilities/pgfkeys.code.tex)) (/usr/share/texlive/texmf-dist/tex/latex/pgf/math/pgfmath.sty (/usr/share/texlive/texmf-dist/tex/generic/pgf/math/pgfmath.code.tex)) (/usr/share/texlive/texmf-dist/tex/generic/pgf/utilities/pgffor.code.tex
Package: pgffor 2020/01/08 v3.1.5b (3.1.5b)
 (/usr/share/texlive/texmf-dist/tex/generic/pgf/math/pgfmath.code.tex)
\pgffor@iter=\dimen271
\pgffor@skip=\dimen272
\pgffor@stack=\toks33
\pgffor@toks=\toks34
)) (/usr/share/texlive/texmf-dist/tex/generic/pgf/frontendlayer/tikz/tikz.code.tex
Package: tikz 2020/01/08 v3.1.5b (3.1.5b)
 (/usr/share/texlive/texmf-dist/tex/generic/pgf/libraries/pgflibraryplothandlers.code.tex
File: pgflibraryplothandlers.code.tex 2020/01/08 v3.1.5b (3.1.5b)
\pgf@plot@mark@count=\count285
\pgfplotmarksize=\dimen273
)
\tikz@lastx=\dimen274
\tikz@lasty=\dimen275
\tikz@lastxsaved=\dimen276
\tikz@lastysaved=\dimen277
\tikz@lastmovetox=\dimen278
\tikz@lastmovetoy=\dimen279
\tikzleveldistance=\dimen280
\tikzsiblingdistance=\dimen281
\tikz@figbox=\box62
\tikz@figbox@bg=\box63
\tikz@tempbox=\box64
\tikz@tempbox@bg=\box65
\tikztreelevel=\count286
\tikznumberofchildren=\count287
\tikznumberofcurrentchild=\count288
\tikz@fig@count=\count289
 (/usr/share/texlive/texmf-dist/tex/generic/pgf/modules/pgfmodulematrix.code.tex
File: pgfmodulematrix.code.tex 2020/01/08 v3.1.5b (3.1.5b)
\pgfmatrixcurrentrow=\count290
\pgfmatrixcurrentcolumn=\count291
\pgf@matrix@numberofcolumns=\count292
)
\tikz@expandcount=\count293
 (/usr/share/texlive/texmf-dist/tex/generic/pgf/frontendlayer/tikz/libraries/tikzlibrarytopaths.code.tex
File: tikzlibrarytopaths.code.tex 2020/01/08 v3.1.5b (3.1.5b)
))) (/usr/share/texlive/texmf-dist/tex/generic/pgf/frontendlayer/tikz/libraries/tikzlibrarycalc.code.tex
File: tikzlibrarycalc.code.tex 2020/01/08 v3.1.5b (3.1.5b)
) (/usr/share/texlive/texmf-dist/tex/generic/pgf/frontendlayer/tikz/libraries/tikzlibrarybackgrounds.code.tex
File: tikzlibrarybackgrounds.code.tex 2020/01/08 v3.1.5b (3.1.5b)
\pgf@layerbox@background=\box66
\pgf@layerboxsaved@background=\box67
) (/usr/share/texlive/texmf-dist/tex/generic/pgf/frontendlayer/tikz/libraries/tikzlibrarydecorations.pathmorphing.code.tex (/usr/share/texlive/texmf-dist/tex/generic/pgf/frontendlayer/tikz/libraries/tikzlibrarydecorations.code.tex
(/usr/share/texlive/texmf-dist/tex/generic/pgf/modules/pgfmoduledecorations.code.tex
\pgfdecoratedcompleteddistance=\dimen282
\pgfdecoratedremainingdistance=\dimen283
\pgfdecoratedinputsegmentcompleteddistance=\dimen284
\pgfdecoratedinputsegmentremainingdistance=\dimen285
\pgf@decorate@distancetomove=\dimen286
\pgf@decorate@repeatstate=\count294
\pgfdecorationsegmentamplitude=\dimen287
\pgfdecorationsegmentlength=\dimen288
)
\tikz@lib@dec@box=\box68
) (/usr/share/texlive/texmf-dist/tex/generic/pgf/libraries/decorations/pgflibrarydecorations.pathmorphing.code.tex)) (/usr/share/texlive/texmf-dist/tex/latex/environ/environ.sty
Package: environ 2014/05/04 v0.3 A new way to define environments
 (/usr/share/texlive/texmf-dist/tex/latex/trimspaces/trimspaces.sty
Package: trimspaces 2009/09/17 v1.1 Trim spaces around a token list
)
\@envbody=\toks35
)
\tikztiming@numint=\count295
\tikztiming@numfrac=\count296
\tikztiming@xunit=\skip87
\tikztiming@yunit=\skip88
\tikztiming@debug=\count297
\c@tikztiming@nrows=\count298
\c@tikztimingrows=\count299
\c@tikztimingtrans=\count300
\c@tikztimingtranspos=\count301
) (/usr/share/texlive/texmf-dist/tex/latex/tikz-timing/tikz-timing-clockarrows.sty
Package: tikz-timing-clockarrows 2017/12/20 v0.7f tikz-timing library for timing clock arrows
 (/usr/share/texlive/texmf-dist/tex/latex/pgfopts/pgfopts.sty
Package: pgfopts 2014/07/10 v2.1a LaTeX package options with pgfkeys
\pgfopts@list@add@a@toks=\toks36
\pgfopts@list@add@b@toks=\toks37
)) (/usr/share/texlive/texmf-dist/tex/latex/minted/minted.sty
Package: minted 2017/07/19 v2.5 Yet another Pygments shim for LaTeX
 (/usr/share/texlive/texmf-dist/tex/latex/fvextra/fvextra.sty
Package: fvextra 2019/02/04 v1.4 fvextra - extensions and patches for fancyvrb
 (/usr/share/texlive/texmf-dist/tex/latex/base/ifthen.sty
Package: ifthen 2014/09/29 v1.1c Standard LaTeX ifthen package (DPC)
) (/usr/share/texlive/texmf-dist/tex/latex/etoolbox/etoolbox.sty
Package: etoolbox 2019/09/21 v2.5h e-TeX tools for LaTeX (JAW)
\etb@tempcnta=\count302
) (/usr/share/texlive/texmf-dist/tex/latex/fancyvrb/fancyvrb.sty
Package: fancyvrb 2020/01/13 v3.5 verbatim text (tvz,hv)
\FV@CodeLineNo=\count303
\FV@InFile=\read3
\FV@TabBox=\box69
\c@FancyVerbLine=\count304
\FV@StepNumber=\count305
\FV@OutFile=\write4
) (/usr/share/texlive/texmf-dist/tex/latex/upquote/upquote.sty
Package: upquote 2012/04/19 v1.3 upright-quote and grave-accent glyphs in verbatim
) (/usr/share/texlive/texmf-dist/tex/latex/lineno/lineno.sty
Package: lineno 2005/11/02 line numbers on paragraphs v4.41
\linenopenalty=\count306
\output=\toks38
\linenoprevgraf=\count307
\linenumbersep=\dimen289
\linenumberwidth=\dimen290
\c@linenumber=\count308
\c@pagewiselinenumber=\count309
\c@LN@truepage=\count310
\c@internallinenumber=\count311
\c@internallinenumbers=\count312
\quotelinenumbersep=\dimen291
\bframerule=\dimen292
\bframesep=\dimen293
\bframebox=\box70
LaTeX Info: Redefining \\ on input line 3056.
)
\c@FV@TrueTabGroupLevel=\count313
\c@FV@TrueTabCounter=\count314
\FV@TabBox@Group=\box71
\FV@TmpLength=\skip89
\c@FV@HighlightLinesStart=\count315
\c@FV@HighlightLinesStop=\count316
\FV@LoopCount=\count317
\FV@NCharsBox=\box72
\FV@BreakIndent=\dimen294
\FV@BreakIndentNChars=\count318
\FV@BreakSymbolSepLeft=\dimen295
\FV@BreakSymbolSepLeftNChars=\count319
\FV@BreakSymbolSepRight=\dimen296
\FV@BreakSymbolSepRightNChars=\count320
\FV@BreakSymbolIndentLeft=\dimen297
\FV@BreakSymbolIndentLeftNChars=\count321
\FV@BreakSymbolIndentRight=\dimen298
\FV@BreakSymbolIndentRightNChars=\count322
\c@FancyVerbLineBreakLast=\count323
\FV@LineBox=\box73
\FV@LineIndentBox=\box74
\FV@LineWidth=\dimen299
) (/usr/share/texlive/texmf-dist/tex/latex/ifplatform/ifplatform.sty
Package: ifplatform 2017/10/13 v0.4a Testing for the operating system
 (/usr/share/texlive/texmf-dist/tex/generic/catchfile/catchfile.sty
Package: catchfile 2019/12/09 v1.8 Catch the contents of a file (HO)
) (/usr/share/texlive/texmf-dist/tex/generic/iftex/ifluatex.sty
Package: ifluatex 2019/10/25 v1.5 ifluatex legacy package. Use iftex instead.
)
runsystem(uname -s > "ATmega328P_NOTES.w18")...executed.

 (/home/narendiran/Desktop/Atmega328pNotes/documentation/ATmega328P_NOTES.w18)
runsystem(rm -- "ATmega328P_NOTES.w18")...executed.

) (/usr/share/texlive/texmf-dist/tex/generic/xstring/xstring.sty (/usr/share/texlive/texmf-dist/tex/generic/xstring/xstring.tex
\integerpart=\count324
\decimalpart=\count325
)
Package: xstring 2019/02/06 v1.83 String manipulations (CT)
) (/usr/share/texlive/texmf-dist/tex/latex/framed/framed.sty
Package: framed 2011/10/22 v 0.96: framed or shaded text with page breaks
\OuterFrameSep=\skip90
\fb@frw=\dimen300
\fb@frh=\dimen301
\FrameRule=\dimen302
\FrameSep=\dimen303
)
\minted@appexistsfile=\read4
\minted@bgbox=\box75
\minted@code=\write5
\c@minted@FancyVerbLineTemp=\count326
\c@minted@pygmentizecounter=\count327
\@float@every@listing=\toks39
\c@listing=\count328
)
runsystem(mkdir -p _minted-ATmega328P_NOTES)...executed.

 (/usr/share/texlive/texmf-dist/tex/latex/l3packages/xparse/xparse.sty (/usr/share/texlive/texmf-dist/tex/latex/l3kernel/expl3.sty
Package: expl3 2020-02-14 L3 programming layer (loader) 
 (/usr/share/texlive/texmf-dist/tex/latex/l3backend/l3backend-pdfmode.def
File: l3backend-pdfmode.def 2020-02-03 L3 backend support: PDF mode
\l__kernel_color_stack_int=\count329
\l__pdf_internal_box=\box76
))
Package: xparse 2020-02-14 L3 Experimental document command parser
\l__xparse_current_arg_int=\count330
\g__xparse_grabber_int=\count331
\l__xparse_m_args_int=\count332
\l__xparse_v_nesting_int=\count333
)) (/usr/share/texlive/texmf-dist/tex/latex/import/import.sty
Package: import 2009/03/23  v 5.1
) (/usr/share/texlive/texmf-dist/tex/latex/titlesec/titlesec.sty
Package: titlesec 2019/10/16 v2.13 Sectioning titles
\ttl@box=\box77
\beforetitleunit=\skip91
\aftertitleunit=\skip92
\ttl@plus=\dimen304
\ttl@minus=\dimen305
\ttl@toksa=\toks40
\titlewidth=\dimen306
\titlewidthlast=\dimen307
\titlewidthfirst=\dimen308
)
runsystem(which pygmentize && touch ATmega328P_NOTES.aex)...executed.

runsystem(rm ATmega328P_NOTES.aex)...executed.

 (/home/narendiran/Desktop/Atmega328pNotes/documentation/ATmega328P_NOTES.aux)
\openout1 = `ATmega328P_NOTES.aux'.

LaTeX Font Info:    Checking defaults for OML/cmm/m/it on input line 18.
LaTeX Font Info:    ... okay on input line 18.
LaTeX Font Info:    Checking defaults for OMS/cmsy/m/n on input line 18.
LaTeX Font Info:    ... okay on input line 18.
LaTeX Font Info:    Checking defaults for OT1/cmr/m/n on input line 18.
LaTeX Font Info:    ... okay on input line 18.
LaTeX Font Info:    Checking defaults for T1/cmr/m/n on input line 18.
LaTeX Font Info:    ... okay on input line 18.
LaTeX Font Info:    Checking defaults for TS1/cmr/m/n on input line 18.
LaTeX Font Info:    ... okay on input line 18.
LaTeX Font Info:    Checking defaults for OMX/cmex/m/n on input line 18.
LaTeX Font Info:    ... okay on input line 18.
LaTeX Font Info:    Checking defaults for U/cmr/m/n on input line 18.
LaTeX Font Info:    ... okay on input line 18.
LaTeX Font Info:    Checking defaults for PD1/pdf/m/n on input line 18.
LaTeX Font Info:    ... okay on input line 18.

*geometry* driver: auto-detecting
*geometry* detected driver: pdftex
*geometry* verbose mode - [ preamble ] result:
* driver: pdftex
* paper: a4paper
* layout: <same size as paper>
* layoutoffset:(h,v)=(0.0pt,0.0pt)
* modes: 
* h-part:(L,W,R)=(36.135pt, 525.23788pt, 36.135pt)
* v-part:(T,H,B)=(36.135pt, 772.77686pt, 36.135pt)
* \paperwidth=597.50787pt
* \paperheight=845.04684pt
* \textwidth=525.23788pt
* \textheight=772.77686pt
* \oddsidemargin=-36.135pt
* \evensidemargin=-36.135pt
* \topmargin=-66.20248pt
* \headheight=12.0pt
* \headsep=18.06749pt
* \topskip=10.0pt
* \footskip=25.29494pt
* \marginparwidth=69.0pt
* \marginparsep=7.0pt
* \columnsep=10.0pt
* \skip\footins=9.0pt plus 4.0pt minus 2.0pt
* \hoffset=0.0pt
* \voffset=0.0pt
* \mag=1000
* \@twocolumnfalse
* \@twosidefalse
* \@mparswitchfalse
* \@reversemarginfalse
* (1in=72.27pt=25.4mm, 1cm=28.453pt)

(/usr/share/texlive/texmf-dist/tex/context/base/mkii/supp-pdf.mkii
[Loading MPS to PDF converter (version 2006.09.02).]
\scratchcounter=\count334
\scratchdimen=\dimen309
\scratchbox=\box78
\nofMPsegments=\count335
\nofMParguments=\count336
\everyMPshowfont=\toks41
\MPscratchCnt=\count337
\MPscratchDim=\dimen310
\MPnumerator=\count338
\makeMPintoPDFobject=\count339
\everyMPtoPDFconversion=\toks42
) (/usr/share/texlive/texmf-dist/tex/latex/epstopdf-pkg/epstopdf-base.sty
Package: epstopdf-base 2020-01-24 v2.11 Base part for package epstopdf
Package epstopdf-base Info: Redefining graphics rule for `.eps' on input line 485.
 (/usr/share/texlive/texmf-dist/tex/latex/latexconfig/epstopdf-sys.cfg
File: epstopdf-sys.cfg 2010/07/13 v1.3 Configuration of (r)epstopdf for TeX Live
))
Package caption Info: Begin \AtBeginDocument code.
Package caption Info: float package is loaded.
Package caption Info: hyperref package is loaded.
Package caption Info: End \AtBeginDocument code.
\AtBeginShipoutBox=\box79
Package hyperref Info: Link coloring ON on input line 18.
 (/usr/share/texlive/texmf-dist/tex/latex/hyperref/nameref.sty
Package: nameref 2019/09/16 v2.46 Cross-referencing by name of section
 (/usr/share/texlive/texmf-dist/tex/latex/refcount/refcount.sty
Package: refcount 2019/12/15 v3.6 Data extraction from label references (HO)
) (/usr/share/texlive/texmf-dist/tex/generic/gettitlestring/gettitlestring.sty
Package: gettitlestring 2019/12/15 v1.6 Cleanup title references (HO)
)
\c@section@level=\count340
)
LaTeX Info: Redefining \ref on input line 18.
LaTeX Info: Redefining \pageref on input line 18.
LaTeX Info: Redefining \nameref on input line 18.
 (/home/narendiran/Desktop/Atmega328pNotes/documentation/ATmega328P_NOTES.out) (/home/narendiran/Desktop/Atmega328pNotes/documentation/ATmega328P_NOTES.out)
\@outlinefile=\write6
\openout6 = `ATmega328P_NOTES.out'.

 ABD: EverySelectfont initializing macros
LaTeX Info: Redefining \selectfont on input line 18.
 ABD: EveryShipout initializing macros
LaTeX Font Info:    Trying to load font information for U+msa on input line 21.
 (/usr/share/texlive/texmf-dist/tex/latex/amsfonts/umsa.fd
File: umsa.fd 2013/01/14 v3.01 AMS symbols A
)
LaTeX Font Info:    Trying to load font information for U+msb on input line 21.
 (/usr/share/texlive/texmf-dist/tex/latex/amsfonts/umsb.fd
File: umsb.fd 2013/01/14 v3.01 AMS symbols B
) [1


{/var/lib/texmf/fonts/map/pdftex/updmap/pdftex.map}] (/home/narendiran/Desktop/Atmega328pNotes/documentation/ATmega328P_NOTES.tocpdfTeX warning (ext4): destination with the same identifier (name{page.1}) has been already used, duplicate ignored
<to be read again> 
                   \relax 
l.79 ...{3.2}General Digital I/O}{27}{section.3.2}
                                                  % [1

] [2] [3])
\tf@toc=\write7
\openout7 = `ATmega328P_NOTES.toc'.

 [4]
Chapter 1.
(/home/narendiran/Desktop/Atmega328pNotes/documentation/Atmega328pBasic.tex [5

]
<./Resources/pics/blockDiagram.png, id=1057, 428.60126pt x 652.4375pt>
File: ./Resources/pics/blockDiagram.png Graphic file (type png)
<use ./Resources/pics/blockDiagram.png>
Package pdftex.def Info: ./Resources/pics/blockDiagram.png  used on input line 41.
(pdftex.def)             Requested size: 428.6002pt x 652.4359pt.
 [6 <./Resources/pics/blockDiagram.png>] [7]
<./Resources/pics/avrCoreBlockDiagram.png, id=1074, 599.23875pt x 652.4375pt>
File: ./Resources/pics/avrCoreBlockDiagram.png Graphic file (type png)
<use ./Resources/pics/avrCoreBlockDiagram.png>
Package pdftex.def Info: ./Resources/pics/avrCoreBlockDiagram.png  used on input line 116.
(pdftex.def)             Requested size: 496.87428pt x 540.94144pt.
 [8 <./Resources/pics/avrCoreBlockDiagram.png>]
<./Resources/pics/programMemoryFlash.png, id=1081, 496.85625pt x 664.4825pt>
File: ./Resources/pics/programMemoryFlash.png Graphic file (type png)
<use ./Resources/pics/programMemoryFlash.png>
Package pdftex.def Info: ./Resources/pics/programMemoryFlash.png  used on input line 174.
(pdftex.def)             Requested size: 156.01775pt x 208.65305pt.
 [9]
<./Resources/pics/dataMemorySRAM.png, id=1086, 824.07875pt x 561.09625pt>
File: ./Resources/pics/dataMemorySRAM.png Graphic file (type png)
<use ./Resources/pics/dataMemorySRAM.png>
Package pdftex.def Info: ./Resources/pics/dataMemorySRAM.png  used on input line 184.
(pdftex.def)             Requested size: 283.74162pt x 193.19421pt.
 [10 <./Resources/pics/programMemoryFlash.png> <./Resources/pics/dataMemorySRAM.png>]
<./Resources/pics/clkDistribution.png, id=1095, 813.0375pt x 647.41875pt>
File: ./Resources/pics/clkDistribution.png Graphic file (type png)
<use ./Resources/pics/clkDistribution.png>
Package pdftex.def Info: ./Resources/pics/clkDistribution.png  used on input line 216.
(pdftex.def)             Requested size: 485.23343pt x 386.38843pt.
 [11 <./Resources/pics/clkDistribution.png>] [12]
<./Resources/pics/lowPowerCrystallOscillatorCircuit.png, id=1109, 838.13126pt x 631.35875pt>
File: ./Resources/pics/lowPowerCrystallOscillatorCircuit.png Graphic file (type png)
<use ./Resources/pics/lowPowerCrystallOscillatorCircuit.png>
Package pdftex.def Info: ./Resources/pics/lowPowerCrystallOscillatorCircuit.png  used on input line 307.
(pdftex.def)             Requested size: 106.35922pt x 80.11423pt.
<./Resources/pics/startUpTimesLowPowerCrystallOscillator.png, id=1110, 1259.70625pt x 575.14874pt>
File: ./Resources/pics/startUpTimesLowPowerCrystallOscillator.png Graphic file (type png)
<use ./Resources/pics/startUpTimesLowPowerCrystallOscillator.png>
Package pdftex.def Info: ./Resources/pics/startUpTimesLowPowerCrystallOscillator.png  used on input line 335.
(pdftex.def)             Requested size: 498.97438pt x 227.81752pt.
<./Resources/pics/fullSwingCrysallOscillatorCircuit.png, id=1111, 820.06375pt x 650.43pt>
File: ./Resources/pics/fullSwingCrysallOscillatorCircuit.png Graphic file (type png)
<use ./Resources/pics/fullSwingCrysallOscillatorCircuit.png>
Package pdftex.def Info: ./Resources/pics/fullSwingCrysallOscillatorCircuit.png  used on input line 345.
(pdftex.def)             Requested size: 106.35922pt x 84.35045pt.
 [13 <./Resources/pics/lowPowerCrystallOscillatorCircuit.png> <./Resources/pics/startUpTimesLowPowerCrystallOscillator.png> <./Resources/pics/fullSwingCrysallOscillatorCircuit.png>]
File: ./Resources/pics/startUpTimesLowPowerCrystallOscillator.png Graphic file (type png)
<use ./Resources/pics/startUpTimesLowPowerCrystallOscillator.png>
Package pdftex.def Info: ./Resources/pics/startUpTimesLowPowerCrystallOscillator.png  used on input line 372.
(pdftex.def)             Requested size: 498.97438pt x 227.81752pt.
<./Resources/pics/startUpTimelowFrequencyCrysalOscillator.png, id=1122, 1266.7325pt x 201.75375pt>
File: ./Resources/pics/startUpTimelowFrequencyCrysalOscillator.png Graphic file (type png)
<use ./Resources/pics/startUpTimelowFrequencyCrysalOscillator.png>
Package pdftex.def Info: ./Resources/pics/startUpTimelowFrequencyCrysalOscillator.png  used on input line 385.
(pdftex.def)             Requested size: 498.97438pt x 79.47174pt.
<./Resources/pics/startUpTimeCalibratedInternalRCOscillator.png, id=1123, 1253.68375pt x 227.85126pt>
File: ./Resources/pics/startUpTimeCalibratedInternalRCOscillator.png Graphic file (type png)
<use ./Resources/pics/startUpTimeCalibratedInternalRCOscillator.png>
Package pdftex.def Info: ./Resources/pics/startUpTimeCalibratedInternalRCOscillator.png  used on input line 399.
(pdftex.def)             Requested size: 498.97438pt x 90.6869pt.
 [14 <./Resources/pics/startUpTimelowFrequencyCrysalOscillator.png>]
File: ./Resources/pics/startUpTimeCalibratedInternalRCOscillator.png Graphic file (type png)
<use ./Resources/pics/startUpTimeCalibratedInternalRCOscillator.png>
Package pdftex.def Info: ./Resources/pics/startUpTimeCalibratedInternalRCOscillator.png  used on input line 410.
(pdftex.def)             Requested size: 498.97438pt x 90.6869pt.
<./Resources/pics/externalClockciruit.png, id=1131, 811.03pt x 563.10374pt>
File: ./Resources/pics/externalClockciruit.png Graphic file (type png)
<use ./Resources/pics/externalClockciruit.png>
Package pdftex.def Info: ./Resources/pics/externalClockciruit.png  used on input line 418.
(pdftex.def)             Requested size: 131.30946pt x 91.16388pt.
<./Resources/pics/startUpTimeExternalClock.png, id=1132, 1257.69875pt x 226.8475pt>
File: ./Resources/pics/startUpTimeExternalClock.png Graphic file (type png)
<use ./Resources/pics/startUpTimeExternalClock.png>
Package pdftex.def Info: ./Resources/pics/startUpTimeExternalClock.png  used on input line 428.
(pdftex.def)             Requested size: 498.97438pt x 89.99664pt.
\height=\dimen311
\depth=\dimen312
\totalheight=\dimen313
\width=\dimen314
\height=\dimen315
\depth=\dimen316
\totalheight=\dimen317
\width=\dimen318
\height=\dimen319
\depth=\dimen320
\totalheight=\dimen321
\width=\dimen322
\height=\dimen323
\depth=\dimen324
\totalheight=\dimen325
\width=\dimen326
\height=\dimen327
\depth=\dimen328
\totalheight=\dimen329
\width=\dimen330
\height=\dimen331
\depth=\dimen332
\totalheight=\dimen333
\width=\dimen334
\height=\dimen335
\depth=\dimen336
\totalheight=\dimen337
\width=\dimen338
\height=\dimen339
\depth=\dimen340
\totalheight=\dimen341
\width=\dimen342
 [15 <./Resources/pics/startUpTimeCalibratedInternalRCOscillator.png> <./Resources/pics/externalClockciruit.png> <./Resources/pics/startUpTimeExternalClock.png>]
\height=\dimen343
\depth=\dimen344
\totalheight=\dimen345
\width=\dimen346
\height=\dimen347
\depth=\dimen348
\totalheight=\dimen349
\width=\dimen350
\height=\dimen351
\depth=\dimen352
\totalheight=\dimen353
\width=\dimen354
\height=\dimen355
\depth=\dimen356
\totalheight=\dimen357
\width=\dimen358
\height=\dimen359
\depth=\dimen360
\totalheight=\dimen361
\width=\dimen362
\height=\dimen363
\depth=\dimen364
\totalheight=\dimen365
\width=\dimen366
\height=\dimen367
\depth=\dimen368
\totalheight=\dimen369
\width=\dimen370
\height=\dimen371
\depth=\dimen372
\totalheight=\dimen373
\width=\dimen374
 [16]
<./Resources/pics/sleepModeDomain.png, id=1154, 1209.51875pt x 491.8375pt>
File: ./Resources/pics/sleepModeDomain.png Graphic file (type png)
<use ./Resources/pics/sleepModeDomain.png>
Package pdftex.def Info: ./Resources/pics/sleepModeDomain.png  used on input line 536.
(pdftex.def)             Requested size: 525.23788pt x 213.57983pt.
 [17 <./Resources/pics/sleepModeDomain.png>]
\height=\dimen375
\depth=\dimen376
\totalheight=\dimen377
\width=\dimen378
\height=\dimen379
\depth=\dimen380
\totalheight=\dimen381
\width=\dimen382
\height=\dimen383
\depth=\dimen384
\totalheight=\dimen385
\width=\dimen386
\height=\dimen387
\depth=\dimen388
\totalheight=\dimen389
\width=\dimen390
\height=\dimen391
\depth=\dimen392
\totalheight=\dimen393
\width=\dimen394
\height=\dimen395
\depth=\dimen396
\totalheight=\dimen397
\width=\dimen398
\height=\dimen399
\depth=\dimen400
\totalheight=\dimen401
\width=\dimen402
\height=\dimen403
\depth=\dimen404
\totalheight=\dimen405
\width=\dimen406
\height=\dimen407
\depth=\dimen408
\totalheight=\dimen409
\width=\dimen410
\height=\dimen411
\depth=\dimen412
\totalheight=\dimen413
\width=\dimen414
\height=\dimen415
\depth=\dimen416
\totalheight=\dimen417
\width=\dimen418
\height=\dimen419
\depth=\dimen420
\totalheight=\dimen421
\width=\dimen422
\height=\dimen423
\depth=\dimen424
\totalheight=\dimen425
\width=\dimen426
\height=\dimen427
\depth=\dimen428
\totalheight=\dimen429
\width=\dimen430
\height=\dimen431
\depth=\dimen432
\totalheight=\dimen433
\width=\dimen434
\height=\dimen435
\depth=\dimen436
\totalheight=\dimen437
\width=\dimen438
 [18]
<./Resources/pics/resetLogic.png, id=1168, 779.91376pt x 693.59125pt>
File: ./Resources/pics/resetLogic.png Graphic file (type png)
<use ./Resources/pics/resetLogic.png>
Package pdftex.def Info: ./Resources/pics/resetLogic.png  used on input line 680.
(pdftex.def)             Requested size: 477.9364pt x 425.02962pt.
 [19 <./Resources/pics/resetLogic.png>]
<./Resources/pics/POR1.png, id=1175, 1277.77374pt x 455.7025pt>
File: ./Resources/pics/POR1.png Graphic file (type png)
<use ./Resources/pics/POR1.png>
Package pdftex.def Info: ./Resources/pics/POR1.png  used on input line 696.
(pdftex.def)             Requested size: 236.35544pt x 84.28973pt.
<./Resources/pics/POR2.png, id=1176, 1214.5375pt x 406.51875pt>
File: ./Resources/pics/POR2.png Graphic file (type png)
<use ./Resources/pics/POR2.png>
Package pdftex.def Info: ./Resources/pics/POR2.png  used on input line 702.
(pdftex.def)             Requested size: 262.61894pt x 87.89606pt.
<./Resources/pics/externalReset.png, id=1177, 1282.7925pt x 415.5525pt>
File: ./Resources/pics/externalReset.png Graphic file (type png)
<use ./Resources/pics/externalReset.png>
Package pdftex.def Info: ./Resources/pics/externalReset.png  used on input line 718.
(pdftex.def)             Requested size: 262.61894pt x 85.06833pt.
<./Resources/pics/brownOutReset.png, id=1178, 1281.78876pt x 556.0775pt>
File: ./Resources/pics/brownOutReset.png Graphic file (type png)
<use ./Resources/pics/brownOutReset.png>
Package pdftex.def Info: ./Resources/pics/brownOutReset.png  used on input line 731.
(pdftex.def)             Requested size: 262.61894pt x 113.92874pt.
 [20 <./Resources/pics/POR1.png> <./Resources/pics/POR2.png> <./Resources/pics/externalReset.png> <./Resources/pics/brownOutReset.png>]
<./Resources/pics/watchDogReset.png, id=1194, 1090.0725pt x 451.6875pt>
File: ./Resources/pics/watchDogReset.png Graphic file (type png)
<use ./Resources/pics/watchDogReset.png>
Package pdftex.def Info: ./Resources/pics/watchDogReset.png  used on input line 742.
(pdftex.def)             Requested size: 262.61894pt x 108.81384pt.
) [21 <./Resources/pics/watchDogReset.png>]
Chapter 2.
(/home/narendiran/Desktop/Atmega328pNotes/documentation/compileAndProgram.tex [22

]
\openout5 = `ATmega328P_NOTES.pyg'.

 (/home/narendiran/Desktop/Atmega328pNotes/documentation/_minted-ATmega328P_NOTES/default-pyg-prefix.pygstyle) (/home/narendiran/Desktop/Atmega328pNotes/documentation/_minted-ATmega328P_NOTES/default.pygstyle) (/home/narendiran/Desktop/Atmega328pNotes/documentation/_minted-ATmega328P_NOTES/C0FCB3CEFA2EBBA385B5214CC3F45B7116743C9EFEFF76D8518DF63175E6E7DD.pygtex)
\openout5 = `ATmega328P_NOTES.pyg'.

 (/home/narendiran/Desktop/Atmega328pNotes/documentation/_minted-ATmega328P_NOTES/1E1EA126328CAD00D87A9E4BFD4DD5CE16743C9EFEFF76D8518DF63175E6E7DD.pygtex)
\openout5 = `ATmega328P_NOTES.pyg'.

 (/home/narendiran/Desktop/Atmega328pNotes/documentation/_minted-ATmega328P_NOTES/AE17ABB3846B53B8B3761F283802C07C16743C9EFEFF76D8518DF63175E6E7DD.pygtex) [23]
\openout4 = `ATmega328P_NOTES.pyg'.

 (/home/narendiran/Desktop/Atmega328pNotes/documentation/_minted-ATmega328P_NOTES/398A4EA3DB56C8AD45D463B0EE09ED045413E82C64CDF90E4046A690A1FC4120.pygtex)
\openout4 = `ATmega328P_NOTES.pyg'.

 (/home/narendiran/Desktop/Atmega328pNotes/documentation/_minted-ATmega328P_NOTES/FE1A0102BF399309D4CD3C0E68BB14125413E82C64CDF90E4046A690A1FC4120.pygtex)
\openout4 = `ATmega328P_NOTES.pyg'.

 (/home/narendiran/Desktop/Atmega328pNotes/documentation/_minted-ATmega328P_NOTES/CC6CEC3793F1C127A89CA322AF9C95215413E82C64CDF90E4046A690A1FC4120.pygtex) [24]
\openout4 = `ATmega328P_NOTES.pyg'.

 (/home/narendiran/Desktop/Atmega328pNotes/documentation/_minted-ATmega328P_NOTES/2547DB29343417C7D9DDB8A3A8E428BA5413E82C64CDF90E4046A690A1FC4120.pygtex)) [25]
Chapter 3.
(/home/narendiran/Desktop/Atmega328pNotes/documentation/IOports.tex
<./Resources/pics/IOpinEquivalent.png, id=1241, 831.105pt x 578.16pt>
File: ./Resources/pics/IOpinEquivalent.png Graphic file (type png)
<use ./Resources/pics/IOpinEquivalent.png>
Package pdftex.def Info: ./Resources/pics/IOpinEquivalent.png  used on input line 17.
(pdftex.def)             Requested size: 262.61894pt x 182.68596pt.
<./Resources/pics/IOcomplete.png, id=1242, 662.475pt x 651.43375pt>
File: ./Resources/pics/IOcomplete.png Graphic file (type png)
<use ./Resources/pics/IOcomplete.png>
Package pdftex.def Info: ./Resources/pics/IOcomplete.png  used on input line 31.
(pdftex.def)             Requested size: 525.23788pt x 516.50569pt.
 [26

 <./Resources/pics/IOpinEquivalent.png>] [27 <./Resources/pics/IOcomplete.png>]
<./Resources/pics/IOalternatefunc.png, id=1256, 570.13pt x 658.46pt>
File: ./Resources/pics/IOalternatefunc.png Graphic file (type png)
<use ./Resources/pics/IOalternatefunc.png>
Package pdftex.def Info: ./Resources/pics/IOalternatefunc.png  used on input line 65.
(pdftex.def)             Requested size: 525.23788pt x 606.61444pt.
<./Resources/pics/IOsignals.png, id=1257, 974.64125pt x 720.6925pt>
File: ./Resources/pics/IOsignals.png Graphic file (type png)
<use ./Resources/pics/IOsignals.png>
Package pdftex.def Info: ./Resources/pics/IOsignals.png  used on input line 71.
(pdftex.def)             Requested size: 525.23788pt x 388.38737pt.
 [28 <./Resources/pics/IOalternatefunc.png>]) [29 <./Resources/pics/IOsignals.png>]
Chapter 4.
(/home/narendiran/Desktop/Atmega328pNotes/documentation/Interupts.tex
<./Resources/pics/resetAndInterruptVectors.png, id=1270, 824.07875pt x 671.50874pt>
File: ./Resources/pics/resetAndInterruptVectors.png Graphic file (type png)
<use ./Resources/pics/resetAndInterruptVectors.png>
Package pdftex.def Info: ./Resources/pics/resetAndInterruptVectors.png  used on input line 15.
(pdftex.def)             Requested size: 379.3323pt x 309.10602pt.
\height=\dimen439
\depth=\dimen440
\totalheight=\dimen441
\width=\dimen442
\height=\dimen443
\depth=\dimen444
\totalheight=\dimen445
\width=\dimen446
\height=\dimen447
\depth=\dimen448
\totalheight=\dimen449
\width=\dimen450
\height=\dimen451
\depth=\dimen452
\totalheight=\dimen453
\width=\dimen454
\height=\dimen455
\depth=\dimen456
\totalheight=\dimen457
\width=\dimen458
\height=\dimen459
\depth=\dimen460
\totalheight=\dimen461
\width=\dimen462
\height=\dimen463
\depth=\dimen464
\totalheight=\dimen465
\width=\dimen466
\height=\dimen467
\depth=\dimen468
\totalheight=\dimen469
\width=\dimen470
 [30

 <./Resources/pics/resetAndInterruptVectors.png>]
\height=\dimen471
\depth=\dimen472
\totalheight=\dimen473
\width=\dimen474
\height=\dimen475
\depth=\dimen476
\totalheight=\dimen477
\width=\dimen478
\height=\dimen479
\depth=\dimen480
\totalheight=\dimen481
\width=\dimen482
\height=\dimen483
\depth=\dimen484
\totalheight=\dimen485
\width=\dimen486
\height=\dimen487
\depth=\dimen488
\totalheight=\dimen489
\width=\dimen490
\height=\dimen491
\depth=\dimen492
\totalheight=\dimen493
\width=\dimen494
\height=\dimen495
\depth=\dimen496
\totalheight=\dimen497
\width=\dimen498
\height=\dimen499
\depth=\dimen500
\totalheight=\dimen501
\width=\dimen502
\height=\dimen503
\depth=\dimen504
\totalheight=\dimen505
\width=\dimen506
\height=\dimen507
\depth=\dimen508
\totalheight=\dimen509
\width=\dimen510
\height=\dimen511
\depth=\dimen512
\totalheight=\dimen513
\width=\dimen514
\height=\dimen515
\depth=\dimen516
\totalheight=\dimen517
\width=\dimen518
\height=\dimen519
\depth=\dimen520
\totalheight=\dimen521
\width=\dimen522
\height=\dimen523
\depth=\dimen524
\totalheight=\dimen525
\width=\dimen526
\height=\dimen527
\depth=\dimen528
\totalheight=\dimen529
\width=\dimen530
\height=\dimen531
\depth=\dimen532
\totalheight=\dimen533
\width=\dimen534
\height=\dimen535
\depth=\dimen536
\totalheight=\dimen537
\width=\dimen538
\height=\dimen539
\depth=\dimen540
\totalheight=\dimen541
\width=\dimen542
\height=\dimen543
\depth=\dimen544
\totalheight=\dimen545
\width=\dimen546
\height=\dimen547
\depth=\dimen548
\totalheight=\dimen549
\width=\dimen550
\height=\dimen551
\depth=\dimen552
\totalheight=\dimen553
\width=\dimen554
\height=\dimen555
\depth=\dimen556
\totalheight=\dimen557
\width=\dimen558
\height=\dimen559
\depth=\dimen560
\totalheight=\dimen561
\width=\dimen562
\height=\dimen563
\depth=\dimen564
\totalheight=\dimen565
\width=\dimen566
 [31]
\height=\dimen567
\depth=\dimen568
\totalheight=\dimen569
\width=\dimen570
\height=\dimen571
\depth=\dimen572
\totalheight=\dimen573
\width=\dimen574
\height=\dimen575
\depth=\dimen576
\totalheight=\dimen577
\width=\dimen578
\height=\dimen579
\depth=\dimen580
\totalheight=\dimen581
\width=\dimen582
\height=\dimen583
\depth=\dimen584
\totalheight=\dimen585
\width=\dimen586
\height=\dimen587
\depth=\dimen588
\totalheight=\dimen589
\width=\dimen590
\height=\dimen591
\depth=\dimen592
\totalheight=\dimen593
\width=\dimen594
\height=\dimen595
\depth=\dimen596
\totalheight=\dimen597
\width=\dimen598
\height=\dimen599
\depth=\dimen600
\totalheight=\dimen601
\width=\dimen602
\height=\dimen603
\depth=\dimen604
\totalheight=\dimen605
\width=\dimen606
\height=\dimen607
\depth=\dimen608
\totalheight=\dimen609
\width=\dimen610
\height=\dimen611
\depth=\dimen612
\totalheight=\dimen613
\width=\dimen614
\height=\dimen615
\depth=\dimen616
\totalheight=\dimen617
\width=\dimen618
\height=\dimen619
\depth=\dimen620
\totalheight=\dimen621
\width=\dimen622
\height=\dimen623
\depth=\dimen624
\totalheight=\dimen625
\width=\dimen626
\height=\dimen627
\depth=\dimen628
\totalheight=\dimen629
\width=\dimen630
\height=\dimen631
\depth=\dimen632
\totalheight=\dimen633
\width=\dimen634
\height=\dimen635
\depth=\dimen636
\totalheight=\dimen637
\width=\dimen638
\height=\dimen639
\depth=\dimen640
\totalheight=\dimen641
\width=\dimen642
\height=\dimen643
\depth=\dimen644
\totalheight=\dimen645
\width=\dimen646
\height=\dimen647
\depth=\dimen648
\totalheight=\dimen649
\width=\dimen650
\height=\dimen651
\depth=\dimen652
\totalheight=\dimen653
\width=\dimen654
\height=\dimen655
\depth=\dimen656
\totalheight=\dimen657
\width=\dimen658
\height=\dimen659
\depth=\dimen660
\totalheight=\dimen661
\width=\dimen662
\height=\dimen663
\depth=\dimen664
\totalheight=\dimen665
\width=\dimen666
\height=\dimen667
\depth=\dimen668
\totalheight=\dimen669
\width=\dimen670
\height=\dimen671
\depth=\dimen672
\totalheight=\dimen673
\width=\dimen674
\height=\dimen675
\depth=\dimen676
\totalheight=\dimen677
\width=\dimen678
\height=\dimen679
\depth=\dimen680
\totalheight=\dimen681
\width=\dimen682
\height=\dimen683
\depth=\dimen684
\totalheight=\dimen685
\width=\dimen686
\height=\dimen687
\depth=\dimen688
\totalheight=\dimen689
\width=\dimen690
\height=\dimen691
\depth=\dimen692
\totalheight=\dimen693
\width=\dimen694
\height=\dimen695
\depth=\dimen696
\totalheight=\dimen697
\width=\dimen698
\height=\dimen699
\depth=\dimen700
\totalheight=\dimen701
\width=\dimen702
\height=\dimen703
\depth=\dimen704
\totalheight=\dimen705
\width=\dimen706
\height=\dimen707
\depth=\dimen708
\totalheight=\dimen709
\width=\dimen710
\height=\dimen711
\depth=\dimen712
\totalheight=\dimen713
\width=\dimen714
\height=\dimen715
\depth=\dimen716
\totalheight=\dimen717
\width=\dimen718
\height=\dimen719
\depth=\dimen720
\totalheight=\dimen721
\width=\dimen722
\height=\dimen723
\depth=\dimen724
\totalheight=\dimen725
\width=\dimen726
 [32]
\openout4 = `ATmega328P_NOTES.pyg'.

 (/home/narendiran/Desktop/Atmega328pNotes/documentation/_minted-ATmega328P_NOTES/F630495E0B56DE2F13D00DE00AD241520133EA3D4932CA461703780447F0D069.pygtex)
\openout4 = `ATmega328P_NOTES.pyg'.

 (/home/narendiran/Desktop/Atmega328pNotes/documentation/_minted-ATmega328P_NOTES/F78B072BC9E601CF5B11D1C069F9C3EF0133EA3D4932CA461703780447F0D069.pygtex
LaTeX Font Info:    Font shape `OT1/cmtt/bx/n' in size <10> not available
(Font)              Font shape `OT1/cmtt/m/n' tried instead on input line 4.
)
\openout4 = `ATmega328P_NOTES.pyg'.

 (/home/narendiran/Desktop/Atmega328pNotes/documentation/_minted-ATmega328P_NOTES/087F2E33495853FBFC6725092A5C41E00133EA3D4932CA461703780447F0D069.pygtex)
\openout4 = `ATmega328P_NOTES.pyg'.

 (/home/narendiran/Desktop/Atmega328pNotes/documentation/_minted-ATmega328P_NOTES/152DDB2A5C1FED72BE01C6C4B303C4D10133EA3D4932CA461703780447F0D069.pygtex)) [33]
Chapter 5.
(/home/narendiran/Desktop/Atmega328pNotes/documentation/TimerCounter0.tex
<./Resources/pics/Timer0BlockDiagram.png, id=1311, 718.685pt x 675.52374pt>
File: ./Resources/pics/Timer0BlockDiagram.png Graphic file (type png)
<use ./Resources/pics/Timer0BlockDiagram.png>
Package pdftex.def Info: ./Resources/pics/Timer0BlockDiagram.png  used on input line 21.
(pdftex.def)             Requested size: 493.30515pt x 463.67082pt.
 [34

]
Overfull \hbox (9.09164pt too wide) in paragraph at lines 36--47
[][] 
 []

<./Resources/pics/Timer0ClockSelector.png, id=1316, 880.28876pt x 352.31625pt>
File: ./Resources/pics/Timer0ClockSelector.png Graphic file (type png)
<use ./Resources/pics/Timer0ClockSelector.png>
Package pdftex.def Info: ./Resources/pics/Timer0ClockSelector.png  used on input line 53.
(pdftex.def)             Requested size: 262.61894pt x 105.10434pt.
[35 <./Resources/pics/Timer0BlockDiagram.png>]
<./Resources/pics/Timer0CounterUnit.png, id=1323, 1141.26375pt x 560.0925pt>
File: ./Resources/pics/Timer0CounterUnit.png Graphic file (type png)
<use ./Resources/pics/Timer0CounterUnit.png>
Package pdftex.def Info: ./Resources/pics/Timer0CounterUnit.png  used on input line 67.
(pdftex.def)             Requested size: 262.61894pt x 128.87839pt.
<./Resources/pics/Timer0CompareUnit.png, id=1324, 1260.71pt x 643.40375pt>
File: ./Resources/pics/Timer0CompareUnit.png Graphic file (type png)
<use ./Resources/pics/Timer0CompareUnit.png>
Package pdftex.def Info: ./Resources/pics/Timer0CompareUnit.png  used on input line 92.
(pdftex.def)             Requested size: 262.61894pt x 134.02902pt.
 [36 <./Resources/pics/Timer0ClockSelector.png> <./Resources/pics/Timer0CounterUnit.png> <./Resources/pics/Timer0CompareUnit.png>]
<./Resources/pics/Timer0ComparteMatch.png, id=1335, 893.3375pt x 685.56125pt>
File: ./Resources/pics/Timer0ComparteMatch.png Graphic file (type png)
<use ./Resources/pics/Timer0ComparteMatch.png>
Package pdftex.def Info: ./Resources/pics/Timer0ComparteMatch.png  used on input line 105.
(pdftex.def)             Requested size: 302.09499pt x 231.8354pt.
 [37 <./Resources/pics/Timer0ComparteMatch.png>] [38] [39]
\height=\dimen727
\depth=\dimen728
\totalheight=\dimen729
\width=\dimen730
\height=\dimen731
\depth=\dimen732
\totalheight=\dimen733
\width=\dimen734
\height=\dimen735
\depth=\dimen736
\totalheight=\dimen737
\width=\dimen738
\height=\dimen739
\depth=\dimen740
\totalheight=\dimen741
\width=\dimen742
\height=\dimen743
\depth=\dimen744
\totalheight=\dimen745
\width=\dimen746
\height=\dimen747
\depth=\dimen748
\totalheight=\dimen749
\width=\dimen750
\height=\dimen751
\depth=\dimen752
\totalheight=\dimen753
\width=\dimen754
\height=\dimen755
\depth=\dimen756
\totalheight=\dimen757
\width=\dimen758

Underfull \hbox (badness 1448) in paragraph at lines 299--299
[]\OT1/cmr/m/n/10 Set []\OT1/cmr/m/it/10 PD5 - OC0B[] \OT1/cmr/m/n/10 on com-pare
 []


Underfull \hbox (badness 1448) in paragraph at lines 299--300
[]\OT1/cmr/m/n/10 Set []\OT1/cmr/m/it/10 PD5 - OC0B[] \OT1/cmr/m/n/10 on com-pare
 []


Underfull \hbox (badness 1360) in paragraph at lines 315--315
[]\OT1/cmr/m/n/10 Set []\OT1/cmr/m/it/10 PD6 - OC0A[] \OT1/cmr/m/n/10 on com-pare
 []


Underfull \hbox (badness 1360) in paragraph at lines 315--316
[]\OT1/cmr/m/n/10 Set []\OT1/cmr/m/it/10 PD6 - OC0A[] \OT1/cmr/m/n/10 on com-pare
 []

\height=\dimen759
\depth=\dimen760
\totalheight=\dimen761
\width=\dimen762
\height=\dimen763
\depth=\dimen764
\totalheight=\dimen765
\width=\dimen766
\height=\dimen767
\depth=\dimen768
\totalheight=\dimen769
\width=\dimen770
\height=\dimen771
\depth=\dimen772
\totalheight=\dimen773
\width=\dimen774
\height=\dimen775
\depth=\dimen776
\totalheight=\dimen777
\width=\dimen778
\height=\dimen779
\depth=\dimen780
\totalheight=\dimen781
\width=\dimen782
\height=\dimen783
\depth=\dimen784
\totalheight=\dimen785
\width=\dimen786
\height=\dimen787
\depth=\dimen788
\totalheight=\dimen789
\width=\dimen790
[40]
\height=\dimen791
\depth=\dimen792
\totalheight=\dimen793
\width=\dimen794
\height=\dimen795
\depth=\dimen796
\totalheight=\dimen797
\width=\dimen798
\height=\dimen799
\depth=\dimen800
\totalheight=\dimen801
\width=\dimen802
\height=\dimen803
\depth=\dimen804
\totalheight=\dimen805
\width=\dimen806
\height=\dimen807
\depth=\dimen808
\totalheight=\dimen809
\width=\dimen810
\height=\dimen811
\depth=\dimen812
\totalheight=\dimen813
\width=\dimen814
\height=\dimen815
\depth=\dimen816
\totalheight=\dimen817
\width=\dimen818
\height=\dimen819
\depth=\dimen820
\totalheight=\dimen821
\width=\dimen822
\height=\dimen823
\depth=\dimen824
\totalheight=\dimen825
\width=\dimen826
\height=\dimen827
\depth=\dimen828
\totalheight=\dimen829
\width=\dimen830
\height=\dimen831
\depth=\dimen832
\totalheight=\dimen833
\width=\dimen834
\height=\dimen835
\depth=\dimen836
\totalheight=\dimen837
\width=\dimen838
\height=\dimen839
\depth=\dimen840
\totalheight=\dimen841
\width=\dimen842
\height=\dimen843
\depth=\dimen844
\totalheight=\dimen845
\width=\dimen846
\height=\dimen847
\depth=\dimen848
\totalheight=\dimen849
\width=\dimen850
\height=\dimen851
\depth=\dimen852
\totalheight=\dimen853
\width=\dimen854
 [41]
\openout4 = `ATmega328P_NOTES.pyg'.

 (/home/narendiran/Desktop/Atmega328pNotes/documentation/_minted-ATmega328P_NOTES/B4CEBEB846E777DB7F4ECE6B3BE4EA590133EA3D4932CA461703780447F0D069.pygtex) [42]
\openout4 = `ATmega328P_NOTES.pyg'.

 (/home/narendiran/Desktop/Atmega328pNotes/documentation/_minted-ATmega328P_NOTES/E2545AFFA690E051DA24FE5CCBBCC49C0133EA3D4932CA461703780447F0D069.pygtex)
\openout4 = `ATmega328P_NOTES.pyg'.

 (/home/narendiran/Desktop/Atmega328pNotes/documentation/_minted-ATmega328P_NOTES/5B0423738A34F94127B1AFF78EFF32EF0133EA3D4932CA461703780447F0D069.pygtex)
\openout4 = `ATmega328P_NOTES.pyg'.

 (/home/narendiran/Desktop/Atmega328pNotes/documentation/_minted-ATmega328P_NOTES/40F5B16DF84ED810DCD1CC588BFFA6130133EA3D4932CA461703780447F0D069.pygtex) [43]
\openout4 = `ATmega328P_NOTES.pyg'.

 (/home/narendiran/Desktop/Atmega328pNotes/documentation/_minted-ATmega328P_NOTES/E7C4CBFF04F4EA8C159E26692611F6230133EA3D4932CA461703780447F0D069.pygtex) [44]
\openout4 = `ATmega328P_NOTES.pyg'.

 (/home/narendiran/Desktop/Atmega328pNotes/documentation/_minted-ATmega328P_NOTES/8BE0CE620C0E1BD1CEFEE54D711780E00133EA3D4932CA461703780447F0D069.pygtex)
\openout4 = `ATmega328P_NOTES.pyg'.

 (/home/narendiran/Desktop/Atmega328pNotes/documentation/_minted-ATmega328P_NOTES/E611B63F9FBECD28DEC2D80FBF14071C0133EA3D4932CA461703780447F0D069.pygtex)
\openout4 = `ATmega328P_NOTES.pyg'.

 [45] (/home/narendiran/Desktop/Atmega328pNotes/documentation/_minted-ATmega328P_NOTES/6BFAB63AE21639D7BC9448B4A49CA9370133EA3D4932CA461703780447F0D069.pygtex)
\openout4 = `ATmega328P_NOTES.pyg'.

 (/home/narendiran/Desktop/Atmega328pNotes/documentation/_minted-ATmega328P_NOTES/A7691C2FFA02ACC16DB4ABB8D0CAB3B70133EA3D4932CA461703780447F0D069.pygtex) [46]
\openout4 = `ATmega328P_NOTES.pyg'.

 (/home/narendiran/Desktop/Atmega328pNotes/documentation/_minted-ATmega328P_NOTES/F71D0A805D71FBA35317CF565812E5AB0133EA3D4932CA461703780447F0D069.pygtex) [47]
\openout4 = `ATmega328P_NOTES.pyg'.

 (/home/narendiran/Desktop/Atmega328pNotes/documentation/_minted-ATmega328P_NOTES/AF52F09C2E67483AA17E7033C636F88A0133EA3D4932CA461703780447F0D069.pygtex) [48]
\openout4 = `ATmega328P_NOTES.pyg'.

 (/home/narendiran/Desktop/Atmega328pNotes/documentation/_minted-ATmega328P_NOTES/5F1EFD5C3E96CB3A7D27AE22E5AC07E90133EA3D4932CA461703780447F0D069.pygtex) [49]
\openout4 = `ATmega328P_NOTES.pyg'.

 (/home/narendiran/Desktop/Atmega328pNotes/documentation/_minted-ATmega328P_NOTES/892BDD1