\BOOKMARK [0][-]{chapter.1}{Basic Programs}{}% 1
\BOOKMARK [1][-]{section.1.1}{BasicLedBlink}{chapter.1}% 2
\BOOKMARK [2][-]{subsection.1.1.1}{Circuit}{section.1.1}% 3
\BOOKMARK [2][-]{subsection.1.1.2}{Code}{section.1.1}% 4
\BOOKMARK [2][-]{subsection.1.1.3}{Output}{section.1.1}% 5
\BOOKMARK [1][-]{section.1.2}{InterruptsExternal}{chapter.1}% 6
\BOOKMARK [2][-]{subsection.1.2.1}{Circuit}{section.1.2}% 7
\BOOKMARK [2][-]{subsection.1.2.2}{Code}{section.1.2}% 8
\BOOKMARK [2][-]{subsection.1.2.3}{Output}{section.1.2}% 9
\BOOKMARK [1][-]{section.1.3}{InterruptsPinChange}{chapter.1}% 10
\BOOKMARK [2][-]{subsection.1.3.1}{Circuit}{section.1.3}% 11
\BOOKMARK [2][-]{subsection.1.3.2}{Code}{section.1.3}% 12
\BOOKMARK [2][-]{subsection.1.3.3}{Output}{section.1.3}% 13
\BOOKMARK [1][-]{section.1.4}{TimerCounter0\137NormalMode}{chapter.1}% 14
\BOOKMARK [2][-]{subsection.1.4.1}{Circuit}{section.1.4}% 15
\BOOKMARK [2][-]{subsection.1.4.2}{Code}{section.1.4}% 16
\BOOKMARK [2][-]{subsection.1.4.3}{Output}{section.1.4}% 17
\BOOKMARK [1][-]{section.1.5}{TimerCounter0\137CTC}{chapter.1}% 18
\BOOKMARK [2][-]{subsection.1.5.1}{Circuit}{section.1.5}% 19
\BOOKMARK [2][-]{subsection.1.5.2}{Code}{section.1.5}% 20
\BOOKMARK [2][-]{subsection.1.5.3}{Output}{section.1.5}% 21
\BOOKMARK [1][-]{section.1.6}{TimerCounter0\137FastPWM}{chapter.1}% 22
\BOOKMARK [2][-]{subsection.1.6.1}{Circuit}{section.1.6}% 23
\BOOKMARK [2][-]{subsection.1.6.2}{Code}{section.1.6}% 24
\BOOKMARK [2][-]{subsection.1.6.3}{Output}{section.1.6}% 25
\BOOKMARK [1][-]{section.1.7}{TimerCounter0\137PhaseCorrectedPWM}{chapter.1}% 26
\BOOKMARK [2][-]{subsection.1.7.1}{Circuit}{section.1.7}% 27
\BOOKMARK [2][-]{subsection.1.7.2}{Code}{section.1.7}% 28
\BOOKMARK [2][-]{subsection.1.7.3}{Output}{section.1.7}% 29
\BOOKMARK [1][-]{section.1.8}{TimerCounter1\137NormalMode}{chapter.1}% 30
\BOOKMARK [2][-]{subsection.1.8.1}{Circuit}{section.1.8}% 31
\BOOKMARK [2][-]{subsection.1.8.2}{Code}{section.1.8}% 32
\BOOKMARK [2][-]{subsection.1.8.3}{Output}{section.1.8}% 33
\BOOKMARK [1][-]{section.1.9}{TimerCounter1\137CTC}{chapter.1}% 34
\BOOKMARK [2][-]{subsection.1.9.1}{Circuit}{section.1.9}% 35
\BOOKMARK [2][-]{subsection.1.9.2}{Code}{section.1.9}% 36
\BOOKMARK [2][-]{subsection.1.9.3}{Output}{section.1.9}% 37
\BOOKMARK [1][-]{section.1.10}{TimerCounter1\137FastPWM}{chapter.1}% 38
\BOOKMARK [2][-]{subsection.1.10.1}{Circuit}{section.1.10}% 39
\BOOKMARK [2][-]{subsection.1.10.2}{Code}{section.1.10}% 40
\BOOKMARK [2][-]{subsection.1.10.3}{Output}{section.1.10}% 41
\BOOKMARK [1][-]{section.1.11}{TimerCounter1\137PhaseCorrectedPWM}{chapter.1}% 42
\BOOKMARK [2][-]{subsection.1.11.1}{Circuit}{section.1.11}% 43
\BOOKMARK [2][-]{subsection.1.11.2}{Code}{section.1.11}% 44
\BOOKMARK [2][-]{subsection.1.11.3}{Output}{section.1.11}% 45
\BOOKMARK [1][-]{section.1.12}{TimerCounter2\137NormalMode}{chapter.1}% 46
\BOOKMARK [2][-]{subsection.1.12.1}{Circuit}{section.1.12}% 47
\BOOKMARK [2][-]{subsection.1.12.2}{Code}{section.1.12}% 48
\BOOKMARK [2][-]{subsection.1.12.3}{Output}{section.1.12}% 49
\BOOKMARK [1][-]{section.1.13}{TimerCounter2\137CTC}{chapter.1}% 50
\BOOKMARK [2][-]{subsection.1.13.1}{Circuit}{section.1.13}% 51
\BOOKMARK [2][-]{subsection.1.13.2}{Code}{section.1.13}% 52
\BOOKMARK [2][-]{subsection.1.13.3}{Output}{section.1.13}% 53
\BOOKMARK [1][-]{section.1.14}{TimerCounter2\137FastPWM}{chapter.1}% 54
\BOOKMARK [2][-]{subsection.1.14.1}{Circuit}{section.1.14}% 55
\BOOKMARK [2][-]{subsection.1.14.2}{Code}{section.1.14}% 56
\BOOKMARK [2][-]{subsection.1.14.3}{Output}{section.1.14}% 57
\BOOKMARK [1][-]{section.1.15}{TimerCounter2\137PhaseCorrectedPWM}{chapter.1}% 58
\BOOKMARK [2][-]{subsection.1.15.1}{Circuit}{section.1.15}% 59
\BOOKMARK [2][-]{subsection.1.15.2}{Code}{section.1.15}% 60
\BOOKMARK [2][-]{subsection.1.15.3}{Output}{section.1.15}% 61
\BOOKMARK [1][-]{section.1.16}{SPI}{chapter.1}% 62
\BOOKMARK [2][-]{subsection.1.16.1}{Circuit}{section.1.16}% 63
\BOOKMARK [2][-]{subsection.1.16.2}{Code}{section.1.16}% 64
\BOOKMARK [2][-]{subsection.1.16.3}{Output}{section.1.16}% 65
\BOOKMARK [1][-]{section.1.17}{USART0}{chapter.1}% 66
\BOOKMARK [2][-]{subsection.1.17.1}{Circuit}{section.1.17}% 67
\BOOKMARK [2][-]{subsection.1.17.2}{Code}{section.1.17}% 68
\BOOKMARK [2][-]{subsection.1.17.3}{Output}{section.1.17}% 69
\BOOKMARK [1][-]{section.1.18}{TwinWireInterface}{chapter.1}% 70
\BOOKMARK [2][-]{subsection.1.18.1}{Circuit}{section.1.18}% 71
\BOOKMARK [2][-]{subsection.1.18.2}{Code}{section.1.18}% 72
\BOOKMARK [2][-]{subsection.1.18.3}{Output}{section.1.18}% 73
\BOOKMARK [1][-]{section.1.19}{AnalogComparator}{chapter.1}% 74
\BOOKMARK [2][-]{subsection.1.19.1}{Circuit}{section.1.19}% 75
\BOOKMARK [2][-]{subsection.1.19.2}{Code}{section.1.19}% 76
\BOOKMARK [2][-]{subsection.1.19.3}{Output}{section.1.19}% 77
\BOOKMARK [1][-]{section.1.20}{AnalogToDigital}{chapter.1}% 78
\BOOKMARK [2][-]{subsection.1.20.1}{Circuit}{section.1.20}% 79
\BOOKMARK [2][-]{subsection.1.20.2}{Code}{section.1.20}% 80
\BOOKMARK [2][-]{subsection.1.20.3}{Output}{section.1.20}% 81
\BOOKMARK [0][-]{chapter.2}{Applications}{}% 82
\BOOKMARK [1][-]{section.2.1}{BasicLCD}{chapter.2}% 83
\BOOKMARK [2][-]{subsection.2.1.1}{Circuit}{section.2.1}% 84
\BOOKMARK [2][-]{subsection.2.1.2}{Code}{section.2.1}% 85
\BOOKMARK [2][-]{subsection.2.1.3}{Output}{section.2.1}% 86
\BOOKMARK [1][-]{section.2.2}{UARTLCD}{chapter.2}% 87
\BOOKMARK [2][-]{subsection.2.2.1}{Circuit}{section.2.2}% 88
\BOOKMARK [2][-]{subsection.2.2.2}{Code}{section.2.2}% 89
\BOOKMARK [2][-]{subsection.2.2.3}{Output}{section.2.2}% 90
\BOOKMARK [1][-]{section.2.3}{SPILCD}{chapter.2}% 91
\BOOKMARK [2][-]{subsection.2.3.1}{Circuit}{section.2.3}% 92
\BOOKMARK [2][-]{subsection.2.3.2}{Code}{section.2.3}% 93
\BOOKMARK [2][-]{subsection.2.3.3}{Output}{section.2.3}% 94
\BOOKMARK [1][-]{section.2.4}{I2CLCD}{chapter.2}% 95
\BOOKMARK [2][-]{subsection.2.4.1}{Circuit}{section.2.4}% 96
\BOOKMARK [2][-]{subsection.2.4.2}{Code}{section.2.4}% 97
\BOOKMARK [2][-]{subsection.2.4.3}{Output}{section.2.4}% 98
\BOOKMARK [1][-]{section.2.5}{I2CEEPROM}{chapter.2}% 99
\BOOKMARK [2][-]{subsection.2.5.1}{Circuit}{section.2.5}% 100
\BOOKMARK [2][-]{subsection.2.5.2}{Code}{section.2.5}% 101
\BOOKMARK [2][-]{subsection.2.5.3}{Output}{section.2.5}% 102
\BOOKMARK [1][-]{section.2.6}{SPIEEPROM}{chapter.2}% 103
\BOOKMARK [2][-]{subsection.2.6.1}{Circuit}{section.2.6}% 104
\BOOKMARK [2][-]{subsection.2.6.2}{Code}{section.2.6}% 105
\BOOKMARK [2][-]{subsection.2.6.3}{Output}{section.2.6}% 106
\BOOKMARK [1][-]{section.2.7}{tamilOLED}{chapter.2}% 107
\BOOKMARK [2][-]{subsection.2.7.1}{Circuit}{section.2.7}% 108
\BOOKMARK [2][-]{subsection.2.7.2}{Code}{section.2.7}% 109
\BOOKMARK [2][-]{subsection.2.7.3}{Output}{section.2.7}% 110
\BOOKMARK [0][-]{chapter.3}{APPENDIX}{}% 111
