This is pdfTeX, Version 3.14159265-2.6-1.40.20 (TeX Live 2019/Debian) (preloaded format=pdflatex 2020.7.21)  31 JUL 2020 13:07
entering extended mode
 \write18 enabled.
 file:line:error style messages enabled.
 %&-line parsing enabled.
**/home/narendiran/Desktop/Atmega328pNotes/documentation/ATmega328P_PROGRAMS.tex
(/home/narendiran/Desktop/Atmega328pNotes/documentation/ATmega328P_PROGRAMS.tex
LaTeX2e <2020-02-02> patch level 2
L3 programming layer <2020-02-14> (/usr/share/texlive/texmf-dist/tex/latex/base/book.cls
Document Class: book 2019/12/20 v1.4l Standard LaTeX document class
(/usr/share/texlive/texmf-dist/tex/latex/base/bk10.clo
File: bk10.clo 2019/12/20 v1.4l Standard LaTeX file (size option)
)
\c@part=\count167
\c@chapter=\count168
\c@section=\count169
\c@subsection=\count170
\c@subsubsection=\count171
\c@paragraph=\count172
\c@subparagraph=\count173
\c@figure=\count174
\c@table=\count175
\abovecaptionskip=\skip47
\belowcaptionskip=\skip48
\bibindent=\dimen134
) (/usr/share/texlive/texmf-dist/tex/latex/base/inputenc.sty
Package: inputenc 2018/08/11 v1.3c Input encoding file
\inpenc@prehook=\toks14
\inpenc@posthook=\toks15
) (/usr/share/texlive/texmf-dist/tex/latex/geometry/geometry.sty
Package: geometry 2020/01/02 v5.9 Page Geometry
 (/usr/share/texlive/texmf-dist/tex/latex/graphics/keyval.sty
Package: keyval 2014/10/28 v1.15 key=value parser (DPC)
\KV@toks@=\toks16
) (/usr/share/texlive/texmf-dist/tex/generic/iftex/ifvtex.sty
Package: ifvtex 2019/10/25 v1.7 ifvtex legacy package. Use iftex instead.
 (/usr/share/texlive/texmf-dist/tex/generic/iftex/iftex.sty
Package: iftex 2019/11/07 v1.0c TeX engine tests
))
\Gm@cnth=\count176
\Gm@cntv=\count177
\c@Gm@tempcnt=\count178
\Gm@bindingoffset=\dimen135
\Gm@wd@mp=\dimen136
\Gm@odd@mp=\dimen137
\Gm@even@mp=\dimen138
\Gm@layoutwidth=\dimen139
\Gm@layoutheight=\dimen140
\Gm@layouthoffset=\dimen141
\Gm@layoutvoffset=\dimen142
\Gm@dimlist=\toks17
) (/usr/share/texlive/texmf-dist/tex/latex/hyperref/hyperref.sty
Package: hyperref 2020/01/14 v7.00d Hypertext links for LaTeX
 (/usr/share/texlive/texmf-dist/tex/generic/ltxcmds/ltxcmds.sty
Package: ltxcmds 2019/12/15 v1.24 LaTeX kernel commands for general use (HO)
) (/usr/share/texlive/texmf-dist/tex/latex/pdftexcmds/pdftexcmds.sty
Package: pdftexcmds 2019/11/24 v0.31 Utility functions of pdfTeX for LuaTeX (HO)
 (/usr/share/texlive/texmf-dist/tex/generic/infwarerr/infwarerr.sty
Package: infwarerr 2019/12/03 v1.5 Providing info/warning/error messages (HO)
)
Package pdftexcmds Info: \pdf@primitive is available.
Package pdftexcmds Info: \pdf@ifprimitive is available.
Package pdftexcmds Info: \pdfdraftmode found.
) (/usr/share/texlive/texmf-dist/tex/generic/kvsetkeys/kvsetkeys.sty
Package: kvsetkeys 2019/12/15 v1.18 Key value parser (HO)
) (/usr/share/texlive/texmf-dist/tex/generic/kvdefinekeys/kvdefinekeys.sty
Package: kvdefinekeys 2019-12-19 v1.6 Define keys (HO)
) (/usr/share/texlive/texmf-dist/tex/generic/pdfescape/pdfescape.sty
Package: pdfescape 2019/12/09 v1.15 Implements pdfTeX's escape features (HO)
) (/usr/share/texlive/texmf-dist/tex/latex/hycolor/hycolor.sty
Package: hycolor 2020-01-27 v1.10 Color options for hyperref/bookmark (HO)
) (/usr/share/texlive/texmf-dist/tex/latex/letltxmacro/letltxmacro.sty
Package: letltxmacro 2019/12/03 v1.6 Let assignment for LaTeX macros (HO)
) (/usr/share/texlive/texmf-dist/tex/latex/auxhook/auxhook.sty
Package: auxhook 2019-12-17 v1.6 Hooks for auxiliary files (HO)
) (/usr/share/texlive/texmf-dist/tex/latex/kvoptions/kvoptions.sty
Package: kvoptions 2019/11/29 v3.13 Key value format for package options (HO)
)
\@linkdim=\dimen143
\Hy@linkcounter=\count179
\Hy@pagecounter=\count180
 (/usr/share/texlive/texmf-dist/tex/latex/hyperref/pd1enc.def
File: pd1enc.def 2020/01/14 v7.00d Hyperref: PDFDocEncoding definition (HO)
Now handling font encoding PD1 ...
... no UTF-8 mapping file for font encoding PD1
) (/usr/share/texlive/texmf-dist/tex/generic/intcalc/intcalc.sty
Package: intcalc 2019/12/15 v1.3 Expandable calculations with integers (HO)
) (/usr/share/texlive/texmf-dist/tex/generic/etexcmds/etexcmds.sty
Package: etexcmds 2019/12/15 v1.7 Avoid name clashes with e-TeX commands (HO)
)
\Hy@SavedSpaceFactor=\count181
\pdfmajorversion=\count182
Package hyperref Info: Hyper figures OFF on input line 4547.
Package hyperref Info: Link nesting OFF on input line 4552.
Package hyperref Info: Hyper index ON on input line 4555.
Package hyperref Info: Plain pages OFF on input line 4562.
Package hyperref Info: Backreferencing OFF on input line 4567.
Package hyperref Info: Implicit mode ON; LaTeX internals redefined.
Package hyperref Info: Bookmarks ON on input line 4800.
\c@Hy@tempcnt=\count183
 (/usr/share/texlive/texmf-dist/tex/latex/url/url.sty
\Urlmuskip=\muskip16
Package: url 2013/09/16  ver 3.4  Verb mode for urls, etc.
)
LaTeX Info: Redefining \url on input line 5159.
\XeTeXLinkMargin=\dimen144
 (/usr/share/texlive/texmf-dist/tex/generic/bitset/bitset.sty
Package: bitset 2019/12/09 v1.3 Handle bit-vector datatype (HO)
 (/usr/share/texlive/texmf-dist/tex/generic/bigintcalc/bigintcalc.sty
Package: bigintcalc 2019/12/15 v1.5 Expandable calculations on big integers (HO)
))
\Fld@menulength=\count184
\Field@Width=\dimen145
\Fld@charsize=\dimen146
Package hyperref Info: Hyper figures OFF on input line 6430.
Package hyperref Info: Link nesting OFF on input line 6435.
Package hyperref Info: Hyper index ON on input line 6438.
Package hyperref Info: backreferencing OFF on input line 6445.
Package hyperref Info: Link coloring OFF on input line 6450.
Package hyperref Info: Link coloring with OCG OFF on input line 6455.
Package hyperref Info: PDF/A mode OFF on input line 6460.
LaTeX Info: Redefining \ref on input line 6500.
LaTeX Info: Redefining \pageref on input line 6504.
 (/usr/share/texlive/texmf-dist/tex/generic/atbegshi/atbegshi.sty
Package: atbegshi 2019/12/05 v1.19 At begin shipout hook (HO)
)
\Hy@abspage=\count185
\c@Item=\count186
\c@Hfootnote=\count187
)
Package hyperref Info: Driver (autodetected): hpdftex.
 (/usr/share/texlive/texmf-dist/tex/latex/hyperref/hpdftex.def
File: hpdftex.def 2020/01/14 v7.00d Hyperref driver for pdfTeX
 (/usr/share/texlive/texmf-dist/tex/latex/atveryend/atveryend.sty
Package: atveryend 2019-12-11 v1.11 Hooks at the very end of document (HO)
Package atveryend Info: \enddocument detected (standard20110627).
)
\Fld@listcount=\count188
\c@bookmark@seq@number=\count189
 (/usr/share/texlive/texmf-dist/tex/latex/rerunfilecheck/rerunfilecheck.sty
Package: rerunfilecheck 2019/12/05 v1.9 Rerun checks for auxiliary files (HO)
 (/usr/share/texlive/texmf-dist/tex/generic/uniquecounter/uniquecounter.sty
Package: uniquecounter 2019/12/15 v1.4 Provide unlimited unique counter (HO)
)
Package uniquecounter Info: New unique counter `rerunfilecheck' on input line 286.
)
\Hy@SectionHShift=\skip49
)
Package hyperref Info: Option `colorlinks' set `true' on input line 9.
 (/usr/share/texlive/texmf-dist/tex/latex/float/float.sty
Package: float 2001/11/08 v1.3d Float enhancements (AL)
\c@float@type=\count190
\float@exts=\toks18
\float@box=\box45
\@float@everytoks=\toks19
\@floatcapt=\box46
) (/usr/share/texlive/texmf-dist/tex/latex/titlesec/titlesec.sty
Package: titlesec 2019/10/16 v2.13 Sectioning titles
\ttl@box=\box47
\beforetitleunit=\skip50
\aftertitleunit=\skip51
\ttl@plus=\dimen147
\ttl@minus=\dimen148
\ttl@toksa=\toks20
\titlewidth=\dimen149
\titlewidthlast=\dimen150
\titlewidthfirst=\dimen151
) (/usr/share/texlive/texmf-dist/tex/latex/xcolor/xcolor.sty
Package: xcolor 2016/05/11 v2.12 LaTeX color extensions (UK)
 (/usr/share/texlive/texmf-dist/tex/latex/graphics-cfg/color.cfg
File: color.cfg 2016/01/02 v1.6 sample color configuration
)
Package xcolor Info: Driver file: pdftex.def on input line 225.
 (/usr/share/texlive/texmf-dist/tex/latex/graphics-def/pdftex.def
File: pdftex.def 2018/01/08 v1.0l Graphics/color driver for pdftex
)
Package xcolor Info: Model `cmy' substituted by `cmy0' on input line 1348.
Package xcolor Info: Model `hsb' substituted by `rgb' on input line 1352.
Package xcolor Info: Model `RGB' extended on input line 1364.
Package xcolor Info: Model `HTML' substituted by `rgb' on input line 1366.
Package xcolor Info: Model `Hsb' substituted by `hsb' on input line 1367.
Package xcolor Info: Model `tHsb' substituted by `hsb' on input line 1368.
Package xcolor Info: Model `HSB' substituted by `hsb' on input line 1369.
Package xcolor Info: Model `Gray' substituted by `gray' on input line 1370.
Package xcolor Info: Model `wave' substituted by `hsb' on input line 1371.
) (/usr/share/texlive/texmf-dist/tex/latex/minted/minted.sty
Package: minted 2017/07/19 v2.5 Yet another Pygments shim for LaTeX
 (/usr/share/texlive/texmf-dist/tex/latex/fvextra/fvextra.sty
Package: fvextra 2019/02/04 v1.4 fvextra - extensions and patches for fancyvrb
 (/usr/share/texlive/texmf-dist/tex/latex/base/ifthen.sty
Package: ifthen 2014/09/29 v1.1c Standard LaTeX ifthen package (DPC)
) (/usr/share/texlive/texmf-dist/tex/latex/etoolbox/etoolbox.sty
Package: etoolbox 2019/09/21 v2.5h e-TeX tools for LaTeX (JAW)
\etb@tempcnta=\count191
) (/usr/share/texlive/texmf-dist/tex/latex/fancyvrb/fancyvrb.sty
Package: fancyvrb 2020/01/13 v3.5 verbatim text (tvz,hv)
\FV@CodeLineNo=\count192
\FV@InFile=\read2
\FV@TabBox=\box48
\c@FancyVerbLine=\count193
\FV@StepNumber=\count194
\FV@OutFile=\write3
) (/usr/share/texlive/texmf-dist/tex/latex/upquote/upquote.sty
Package: upquote 2012/04/19 v1.3 upright-quote and grave-accent glyphs in verbatim
) (/usr/share/texlive/texmf-dist/tex/latex/lineno/lineno.sty
Package: lineno 2005/11/02 line numbers on paragraphs v4.41
\linenopenalty=\count195
\output=\toks21
\linenoprevgraf=\count196
\linenumbersep=\dimen152
\linenumberwidth=\dimen153
\c@linenumber=\count197
\c@pagewiselinenumber=\count198
\c@LN@truepage=\count199
\c@internallinenumber=\count266
\c@internallinenumbers=\count267
\quotelinenumbersep=\dimen154
\bframerule=\dimen155
\bframesep=\dimen156
\bframebox=\box49
LaTeX Info: Redefining \\ on input line 3056.
)
\c@FV@TrueTabGroupLevel=\count268
\c@FV@TrueTabCounter=\count269
\FV@TabBox@Group=\box50
\FV@TmpLength=\skip52
\c@FV@HighlightLinesStart=\count270
\c@FV@HighlightLinesStop=\count271
\FV@LoopCount=\count272
\FV@NCharsBox=\box51
\FV@BreakIndent=\dimen157
\FV@BreakIndentNChars=\count273
\FV@BreakSymbolSepLeft=\dimen158
\FV@BreakSymbolSepLeftNChars=\count274
\FV@BreakSymbolSepRight=\dimen159
\FV@BreakSymbolSepRightNChars=\count275
\FV@BreakSymbolIndentLeft=\dimen160
\FV@BreakSymbolIndentLeftNChars=\count276
\FV@BreakSymbolIndentRight=\dimen161
\FV@BreakSymbolIndentRightNChars=\count277
\c@FancyVerbLineBreakLast=\count278
\FV@LineBox=\box52
\FV@LineIndentBox=\box53
\FV@LineWidth=\dimen162
) (/usr/share/texlive/texmf-dist/tex/latex/tools/calc.sty
Package: calc 2017/05/25 v4.3 Infix arithmetic (KKT,FJ)
\calc@Acount=\count279
\calc@Bcount=\count280
\calc@Adimen=\dimen163
\calc@Bdimen=\dimen164
\calc@Askip=\skip53
\calc@Bskip=\skip54
LaTeX Info: Redefining \setlength on input line 80.
LaTeX Info: Redefining \addtolength on input line 81.
\calc@Ccount=\count281
\calc@Cskip=\skip55
) (/usr/share/texlive/texmf-dist/tex/latex/tools/shellesc.sty
Package: shellesc 2019/11/08 v1.0c unified shell escape interface for LaTeX
Package shellesc Info: Unrestricted shell escape enabled on input line 75.
) (/usr/share/texlive/texmf-dist/tex/latex/ifplatform/ifplatform.sty
Package: ifplatform 2017/10/13 v0.4a Testing for the operating system
 (/usr/share/texlive/texmf-dist/tex/generic/catchfile/catchfile.sty
Package: catchfile 2019/12/09 v1.8 Catch the contents of a file (HO)
) (/usr/share/texlive/texmf-dist/tex/generic/iftex/ifluatex.sty
Package: ifluatex 2019/10/25 v1.5 ifluatex legacy package. Use iftex instead.
)
runsystem(uname -s > "ATmega328P_PROGRAMS.w18")...executed.

 (/home/narendiran/Desktop/Atmega328pNotes/documentation/ATmega328P_PROGRAMS.w18)
runsystem(rm -- "ATmega328P_PROGRAMS.w18")...executed.

) (/usr/share/texlive/texmf-dist/tex/generic/xstring/xstring.sty (/usr/share/texlive/texmf-dist/tex/generic/xstring/xstring.tex
\integerpart=\count282
\decimalpart=\count283
)
Package: xstring 2019/02/06 v1.83 String manipulations (CT)
) (/usr/share/texlive/texmf-dist/tex/latex/framed/framed.sty
Package: framed 2011/10/22 v 0.96: framed or shaded text with page breaks
\OuterFrameSep=\skip56
\fb@frw=\dimen165
\fb@frh=\dimen166
\FrameRule=\dimen167
\FrameSep=\dimen168
)
\minted@appexistsfile=\read3
\minted@bgbox=\box54
\minted@code=\write4
\c@minted@FancyVerbLineTemp=\count284
\c@minted@pygmentizecounter=\count285
\@float@every@listing=\toks22
\c@listing=\count286
)
runsystem(mkdir -p _minted-ATmega328P_PROGRAMS)...executed.

 (/usr/share/texlive/texmf-dist/tex/latex/graphics/graphicx.sty
Package: graphicx 2019/11/30 v1.2a Enhanced LaTeX Graphics (DPC,SPQR)
 (/usr/share/texlive/texmf-dist/tex/latex/graphics/graphics.sty
Package: graphics 2019/11/30 v1.4a Standard LaTeX Graphics (DPC,SPQR)
 (/usr/share/texlive/texmf-dist/tex/latex/graphics/trig.sty
Package: trig 2016/01/03 v1.10 sin cos tan (DPC)
) (/usr/share/texlive/texmf-dist/tex/latex/graphics-cfg/graphics.cfg
File: graphics.cfg 2016/06/04 v1.11 sample graphics configuration
)
Package graphics Info: Driver file: pdftex.def on input line 105.
)
\Gin@req@height=\dimen169
\Gin@req@width=\dimen170
)
runsystem(which pygmentize && touch ATmega328P_PROGRAMS.aex)...executed.

runsystem(rm ATmega328P_PROGRAMS.aex)...executed.

 (/usr/share/texlive/texmf-dist/tex/latex/l3backend/l3backend-pdfmode.def
File: l3backend-pdfmode.def 2020-02-03 L3 backend support: PDF mode
\l__kernel_color_stack_int=\count287
\l__pdf_internal_box=\box55
) (/home/narendiran/Desktop/Atmega328pNotes/documentation/ATmega328P_PROGRAMS.aux)
\openout1 = `ATmega328P_PROGRAMS.aux'.

LaTeX Font Info:    Checking defaults for OML/cmm/m/it on input line 28.
LaTeX Font Info:    ... okay on input line 28.
LaTeX Font Info:    Checking defaults for OMS/cmsy/m/n on input line 28.
LaTeX Font Info:    ... okay on input line 28.
LaTeX Font Info:    Checking defaults for OT1/cmr/m/n on input line 28.
LaTeX Font Info:    ... okay on input line 28.
LaTeX Font Info:    Checking defaults for T1/cmr/m/n on input line 28.
LaTeX Font Info:    ... okay on input line 28.
LaTeX Font Info:    Checking defaults for TS1/cmr/m/n on input line 28.
LaTeX Font Info:    ... okay on input line 28.
LaTeX Font Info:    Checking defaults for OMX/cmex/m/n on input line 28.
LaTeX Font Info:    ... okay on input line 28.
LaTeX Font Info:    Checking defaults for U/cmr/m/n on input line 28.
LaTeX Font Info:    ... okay on input line 28.
LaTeX Font Info:    Checking defaults for PD1/pdf/m/n on input line 28.
LaTeX Font Info:    ... okay on input line 28.

*geometry* driver: auto-detecting
*geometry* detected driver: pdftex
*geometry* verbose mode - [ preamble ] result:
* driver: pdftex
* paper: a4paper
* layout: <same size as paper>
* layoutoffset:(h,v)=(0.0pt,0.0pt)
* modes: 
* h-part:(L,W,R)=(36.135pt, 525.23788pt, 36.135pt)
* v-part:(T,H,B)=(36.135pt, 772.77686pt, 36.135pt)
* \paperwidth=597.50787pt
* \paperheight=845.04684pt
* \textwidth=525.23788pt
* \textheight=772.77686pt
* \oddsidemargin=-36.135pt
* \evensidemargin=-36.135pt
* \topmargin=-66.20248pt
* \headheight=12.0pt
* \headsep=18.06749pt
* \topskip=10.0pt
* \footskip=25.29494pt
* \marginparwidth=69.0pt
* \marginparsep=7.0pt
* \columnsep=10.0pt
* \skip\footins=9.0pt plus 4.0pt minus 2.0pt
* \hoffset=0.0pt
* \voffset=0.0pt
* \mag=1000
* \@twocolumnfalse
* \@twosidefalse
* \@mparswitchfalse
* \@reversemarginfalse
* (1in=72.27pt=25.4mm, 1cm=28.453pt)

\AtBeginShipoutBox=\box56
Package hyperref Info: Link coloring ON on input line 28.
(/usr/share/texlive/texmf-dist/tex/latex/hyperref/nameref.sty
Package: nameref 2019/09/16 v2.46 Cross-referencing by name of section
 (/usr/share/texlive/texmf-dist/tex/latex/refcount/refcount.sty
Package: refcount 2019/12/15 v3.6 Data extraction from label references (HO)
) (/usr/share/texlive/texmf-dist/tex/generic/gettitlestring/gettitlestring.sty
Package: gettitlestring 2019/12/15 v1.6 Cleanup title references (HO)
)
\c@section@level=\count288
)
LaTeX Info: Redefining \ref on input line 28.
LaTeX Info: Redefining \pageref on input line 28.
LaTeX Info: Redefining \nameref on input line 28.
 (/home/narendiran/Desktop/Atmega328pNotes/documentation/ATmega328P_PROGRAMS.out) (/home/narendiran/Desktop/Atmega328pNotes/documentation/ATmega328P_PROGRAMS.out)
\@outlinefile=\write5
\openout5 = `ATmega328P_PROGRAMS.out'.

 (/usr/share/texlive/texmf-dist/tex/context/base/mkii/supp-pdf.mkii
[Loading MPS to PDF converter (version 2006.09.02).]
\scratchcounter=\count289
\scratchdimen=\dimen171
\scratchbox=\box57
\nofMPsegments=\count290
\nofMParguments=\count291
\everyMPshowfont=\toks23
\MPscratchCnt=\count292
\MPscratchDim=\dimen172
\MPnumerator=\count293
\makeMPintoPDFobject=\count294
\everyMPtoPDFconversion=\toks24
) (/usr/share/texlive/texmf-dist/tex/latex/epstopdf-pkg/epstopdf-base.sty
Package: epstopdf-base 2020-01-24 v2.11 Base part for package epstopdf
Package epstopdf-base Info: Redefining graphics rule for `.eps' on input line 485.
 (/usr/share/texlive/texmf-dist/tex/latex/latexconfig/epstopdf-sys.cfg
File: epstopdf-sys.cfg 2010/07/13 v1.3 Configuration of (r)epstopdf for TeX Live
)) (/home/narendiran/Desktop/Atmega328pNotes/documentation/ATmega328P_PROGRAMS.toc
LaTeX Font Info:    External font `cmex10' loaded for size
(Font)              <7> on input line 2.
LaTeX Font Info:    External font `cmex10' loaded for size
(Font)              <5> on input line 2.
 [1


{/var/lib/texmf/fonts/map/pdftex/updmap/pdftex.map}])
\tf@toc=\write6
\openout6 = `ATmega328P_PROGRAMS.toc'.

 [2]
Chapter 1.
<./Resources/proteusOutput/basicLedBlink.png, id=575, 1067.99pt x 511.9125pt>
File: ./Resources/proteusOutput/basicLedBlink.png Graphic file (type png)
<use ./Resources/proteusOutput/basicLedBlink.png>
Package pdftex.def Info: ./Resources/proteusOutput/basicLedBlink.png  used on input line 37.
(pdftex.def)             Requested size: 322.4365pt x 154.55301pt.
(/home/narendiran/Desktop/Atmega328pNotes/documentation/_minted-ATmega328P_PROGRAMS/default-pyg-prefix.pygstyle) (/home/narendiran/Desktop/Atmega328pNotes/documentation/_minted-ATmega328P_PROGRAMS/fruity.pygstyle) (/home/narendiran/Desktop/Atmega328pNotes/documentation/_minted-ATmega328P_PROGRAMS/56E01E517D44AE1C3C0F68337305EF17CEC23CF462B6C2D1A199FF351BE4E381.pygtex
LaTeX Font Info:    Font shape `OT1/cmtt/bx/it' in size <10> not available
(Font)              Font shape `OT1/cmtt/m/it' tried instead on input line 2.
LaTeX Font Info:    Font shape `OT1/cmtt/bx/n' in size <10> not available
(Font)              Font shape `OT1/cmtt/m/n' tried instead on input line 6.
)
<./Resources/proteusOutput/InterruptsExternal.png, id=577, 1052.93375pt x 490.83376pt>
File: ./Resources/proteusOutput/InterruptsExternal.png Graphic file (type png)
<use ./Resources/proteusOutput/InterruptsExternal.png>
Package pdftex.def Info: ./Resources/proteusOutput/InterruptsExternal.png  used on input line 49.
(pdftex.def)             Requested size: 331.54735pt x 154.55301pt.
 [3

 <./Resources/proteusOutput/basicLedBlink.png>] (/home/narendiran/Desktop/Atmega328pNotes/documentation/_minted-ATmega328P_PROGRAMS/747A6FBA62A2E49E8F9DC7BE656224513ED102DA04FE91357FD17D991427335F.pygtex) [4 <./Resources/proteusOutput/InterruptsExternal.png>]
<./Resources/proteusOutput/InterruptsPinChange.png, id=591, 847.165pt x 496.85625pt>
File: ./Resources/proteusOutput/InterruptsPinChange.png Graphic file (type png)
<use ./Resources/proteusOutput/InterruptsPinChange.png>
Package pdftex.def Info: ./Resources/proteusOutput/InterruptsPinChange.png  used on input line 61.
(pdftex.def)             Requested size: 263.5233pt x 154.55301pt.
 (/home/narendiran/Desktop/Atmega328pNotes/documentation/_minted-ATmega328P_PROGRAMS/E5D2134E6745FFAC758043A80AED4C3D9E07FFED08B2C76ED5B83DEEB9B18FB1.pygtex) [5 <./Resources/proteusOutput/InterruptsPinChange.png>]
<./Resources/proteusOutput/TimerCounter0_NormalMode.png, id=597, 1120.185pt x 499.8675pt>
File: ./Resources/proteusOutput/TimerCounter0_NormalMode.png Graphic file (type png)
<use ./Resources/proteusOutput/TimerCounter0_NormalMode.png>
Package pdftex.def Info: ./Resources/proteusOutput/TimerCounter0_NormalMode.png  used on input line 73.
(pdftex.def)             Requested size: 346.34785pt x 154.55301pt.
 (/home/narendiran/Desktop/Atmega328pNotes/documentation/_minted-ATmega328P_PROGRAMS/7060F7E864B0E5F8CFCF74C74446F40F328E4E4F553090C07ADBBE0C632EF3C1.pygtex) [6 <./Resources/proteusOutput/TimerCounter0_NormalMode.png>]
Underfull \vbox (badness 10000) detected at line 77
 []


Underfull \vbox (badness 10000) detected at line 77
 []

[7]
<./Resources/proteusOutput/TimerCounter0_CTC.png, id=608, 1127.21124pt x 503.8825pt>
File: ./Resources/proteusOutput/TimerCounter0_CTC.png Graphic file (type png)
<use ./Resources/proteusOutput/TimerCounter0_CTC.png>
Package pdftex.def Info: ./Resources/proteusOutput/TimerCounter0_CTC.png  used on input line 99.
(pdftex.def)             Requested size: 345.7339pt x 154.55301pt.
 [8] (/home/narendiran/Desktop/Atmega328pNotes/documentation/_minted-ATmega328P_PROGRAMS/1903DF436351A8C2C5AE209B1F8F570A70F099E165913DDFA18447E154020A85.pygtex) [9 <./Resources/proteusOutput/TimerCounter0_CTC.png>]
Underfull \vbox (badness 10000) detected at line 102
 []


Underfull \vbox (badness 10000) detected at line 102
 []

[10]
<./Resources/proteusOutput/TimerCounter0_FastPWM.png, id=627, 942.52126pt x 508.90125pt>
File: ./Resources/proteusOutput/TimerCounter0_FastPWM.png Graphic file (type png)
<use ./Resources/proteusOutput/TimerCounter0_FastPWM.png>
Package pdftex.def Info: ./Resources/proteusOutput/TimerCounter0_FastPWM.png  used on input line 124.
(pdftex.def)             Requested size: 286.23892pt x 154.55301pt.
 (/home/narendiran/Desktop/Atmega328pNotes/documentation/_minted-ATmega328P_PROGRAMS/20E4538918F02A0344F7ED92829F861C458CFC3C25AB7D9CCE117315EB8E53E1.pygtex) [11 <./Resources/proteusOutput/TimerCounter0_FastPWM.png>]
Underfull \vbox (badness 10000) detected at line 127
 []


Underfull \vbox (badness 10000) detected at line 127
 []

[12]
Underfull \vbox (badness 10000) detected at line 127
 []


Underfull \vbox (badness 10000) detected at line 127
 []

[13]
Underfull \vbox (badness 10000) detected at line 127
 []


Underfull \vbox (badness 10000) detected at line 127
 []

[14]
Underfull \vbox (badness 10000) detected at line 127
 []


Underfull \vbox (badness 10000) detected at line 127
 []

[15] [16]
<./Resources/proteusOutput/TimerCounter0_PhaseCorrectedPWM.png, id=656, 942.52126pt x 508.90125pt>
File: ./Resources/proteusOutput/TimerCounter0_PhaseCorrectedPWM.png Graphic file (type png)
<use ./Resources/proteusOutput/TimerCounter0_PhaseCorrectedPWM.png>
Package pdftex.def Info: ./Resources/proteusOutput/TimerCounter0_PhaseCorrectedPWM.png  used on input line 160.
(pdftex.def)             Requested size: 286.23892pt x 154.55301pt.
 (/home/narendiran/Desktop/Atmega328pNotes/documentation/_minted-ATmega328P_PROGRAMS/50828B53020BE4A618BA26F1F42438F0D171C1A8DA23E7C4D437616757D4CFFE.pygtex) [17 <./Resources/proteusOutput/TimerCounter0_PhaseCorrectedPWM.png>]
Underfull \vbox (badness 10000) detected at line 163
 []


Underfull \vbox (badness 10000) detected at line 163
 []

[18]
Underfull \vbox (badness 10000) detected at line 163
 []


Underfull \vbox (badness 10000) detected at line 163
 []

[19]
Underfull \vbox (badness 10000) detected at line 163
 []


Underfull \vbox (badness 10000) detected at line 163
 []

[20]
Underfull \vbox (badness 10000) detected at line 163
 []


Underfull \vbox (badness 10000) detected at line 163
 []

[21]
<./Resources/proteusOutput/TimerCounter1_NormalMode.png, id=679, 871.255pt x 513.92pt>
File: ./Resources/proteusOutput/TimerCounter1_NormalMode.png Graphic file (type png)
<use ./Resources/proteusOutput/TimerCounter1_NormalMode.png>
Package pdftex.def Info: ./Resources/proteusOutput/TimerCounter1_NormalMode.png  used on input line 200.
(pdftex.def)             Requested size: 262.01665pt x 154.55301pt.
 [22] (/home/narendiran/Desktop/Atmega328pNotes/documentation/_minted-ATmega328P_PROGRAMS/D2BE510C428A96B2CE853B6702CFC27CEA8129FF71B00C5BAB2DCC9C7D3CD9C0.pygtex) [23 <./Resources/proteusOutput/TimerCounter1_NormalMode.png>]
Underfull \vbox (badness 10000) detected at line 203
 []


Underfull \vbox (badness 10000) detected at line 203
 []

[24] [25]
<./Resources/proteusOutput/TimerCounter1_CTC.png, id=698, 935.495pt x 488.82625pt>
File: ./Resources/proteusOutput/TimerCounter1_CTC.png Graphic file (type png)
<use ./Resources/proteusOutput/TimerCounter1_CTC.png>
Package pdftex.def Info: ./Resources/proteusOutput/TimerCounter1_CTC.png  used on input line 227.
(pdftex.def)             Requested size: 295.78162pt x 154.55301pt.
 (/home/narendiran/Desktop/Atmega328pNotes/documentation/_minted-ATmega328P_PROGRAMS/8258A23F95F8992106ABC7EDE2535CA7CB20925CC08F30B2CC1F882D8BA9C158.pygtex) [26 <./Resources/proteusOutput/TimerCounter1_CTC.png>]
Underfull \vbox (badness 10000) detected at line 230
 []


Underfull \vbox (badness 10000) detected at line 230
 []

[27]
Underfull \vbox (badness 10000) detected at line 230
 []


Underfull \vbox (badness 10000) detected at line 230
 []

[28] [29]
<./Resources/proteusOutput/TimerCounter1_FastPWM.png, id=718, 856.19875pt x 486.81876pt>
File: ./Resources/proteusOutput/TimerCounter1_FastPWM.png Graphic file (type png)
<use ./Resources/proteusOutput/TimerCounter1_FastPWM.png>
Package pdftex.def Info: ./Resources/proteusOutput/TimerCounter1_FastPWM.png  used on input line 252.
(pdftex.def)             Requested size: 271.82048pt x 154.55301pt.
 (/home/narendiran/Desktop/Atmega328pNotes/documentation/_minted-ATmega328P_PROGRAMS/6C8BEAAFB60D921F1EB16E3F0F6FC4DB8EBF15CAC4C7531A572B2C27D27D0820.pygtex) [30 <./Resources/proteusOutput/TimerCounter1_FastPWM.png>]
Underfull \vbox (badness 10000) detected at line 255
 []


Underfull \vbox (badness 10000) detected at line 255
 []

[31]
Underfull \vbox (badness 10000) detected at line 255
 []


Underfull \vbox (badness 10000) detected at line 255
 []

[32]
Underfull \vbox (badness 10000) detected at line 255
 []


Underfull \vbox (badness 10000) detected at line 255
 []

[33]
Underfull \vbox (badness 10000) detected at line 255
 []


Underfull \vbox (badness 10000) detected at line 255
 []

[34] [35]
<./Resources/proteusOutput/TimerCounter1_PhaseCorrectedPWM.png, id=745, 856.19875pt x 486.81876pt>
File: ./Resources/proteusOutput/TimerCounter1_PhaseCorrectedPWM.png Graphic file (type png)
<use ./Resources/proteusOutput/TimerCounter1_PhaseCorrectedPWM.png>
Package pdftex.def Info: ./Resources/proteusOutput/TimerCounter1_PhaseCorrectedPWM.png  used on input line 288.
(pdftex.def)             Requested size: 271.82048pt x 154.55301pt.
 (/home/narendiran/Desktop/Atmega328pNotes/documentation/_minted-ATmega328P_PROGRAMS/654C8BE95D476896F75843E9D9E2625F45EE0E558D66BC93EC9509FD42004DFD.pygtex) [36 <./Resources/proteusOutput/TimerCounter1_PhaseCorrectedPWM.png>]
Underfull \vbox (badness 10000) detected at line 291
 []


Underfull \vbox (badness 10000) detected at line 291
 []

[37]
Underfull \vbox (badness 10000) detected at line 291
 []


Underfull \vbox (badness 10000) detected at line 291
 []

[38]
Underfull \vbox (badness 10000) detected at line 291
 []


Underfull \vbox (badness 10000) detected at line 291
 []

[39]
Underfull \vbox (badness 10000) detected at line 291
 []


Underfull \vbox (badness 10000) detected at line 291
 []

[40]
<./Resources/proteusOutput/TimerCounter2_NormalMode.png, id=769, 1085.05376pt x 498.86375pt>
File: ./Resources/proteusOutput/TimerCounter2_NormalMode.png Graphic file (type png)
<use ./Resources/proteusOutput/TimerCounter2_NormalMode.png>
Package pdftex.def Info: ./Resources/proteusOutput/TimerCounter2_NormalMode.png  used on input line 328.
(pdftex.def)             Requested size: 336.14795pt x 154.55301pt.
 [41] (/home/narendiran/Desktop/Atmega328pNotes/documentation/_minted-ATmega328P_PROGRAMS/D0C8AE2EE5E4CA1059E8FE83FE19126AFEA8917C37161FFD448A4F13E53D5BDA.pygtex) [42 <./Resources/proteusOutput/TimerCounter2_NormalMode.png>]
<./Resources/proteusOutput/TimerCounter2_CTC.png, id=779, 1083.04625pt x 479.7925pt>
File: ./Resources/proteusOutput/TimerCounter2_CTC.png Graphic file (type png)
<use ./Resources/proteusOutput/TimerCounter2_CTC.png>
Package pdftex.def Info: ./Resources/proteusOutput/TimerCounter2_CTC.png  used on input line 348.
(pdftex.def)             Requested size: 348.87898pt x 154.55301pt.
 [43] (/home/narendiran/Desktop/Atmega328pNotes/documentation/_minted-ATmega328P_PROGRAMS/5653F19DA6365573449A080D02761A2908174C8EE7FD61E6CC78E865DFB73D84.pygtex) [44 <./Resources/proteusOutput/TimerCounter2_CTC.png>] [45]
<./Resources/proteusOutput/TimerCounter2_FastPWM.png, id=794, 1092.08pt x 491.8375pt>
File: ./Resources/proteusOutput/TimerCounter2_FastPWM.png Graphic file (type png)
<use ./Resources/proteusOutput/TimerCounter2_FastPWM.png>
Package pdftex.def Info: ./Resources/proteusOutput/TimerCounter2_FastPWM.png  used on input line 368.
(pdftex.def)             Requested size: 343.17383pt x 154.55301pt.
 (/home/narendiran/Desktop/Atmega328pNotes/documentation/_minted-ATmega328P_PROGRAMS/098695A7BEBDB8EB18BE81254518E9B9AAE8093386BB0AA65912A667A45A8E87.pygtex) [46 <./Resources/proteusOutput/TimerCounter2_FastPWM.png>]
Underfull \vbox (badness 10000) detected at line 371
 []


Underfull \vbox (badness 10000) detected at line 371
 []

[47]
Underfull \vbox (badness 10000) detected at line 371
 []


Underfull \vbox (badness 10000) detected at line 371
 []

[48]
Underfull \vbox (badness 10000) detected at line 371
 []


Underfull \vbox (badness 10000) detected at line 371
 []

[49] [50]
<./Resources/proteusOutput/TimerCounter2_PhaseCorrectedPWM.png, id=817, 1095.09125pt x 494.84875pt>
File: ./Resources/proteusOutput/TimerCounter2_PhaseCorrectedPWM.png Graphic file (type png)
<use ./Resources/proteusOutput/TimerCounter2_PhaseCorrectedPWM.png>
Package pdftex.def Info: ./Resources/proteusOutput/TimerCounter2_PhaseCorrectedPWM.png  used on input line 404.
(pdftex.def)             Requested size: 342.01465pt x 154.55301pt.
 (/home/narendiran/Desktop/Atmega328pNotes/documentation/_minted-ATmega328P_PROGRAMS/210EF9D60ECD76541455D7DDEE407078863B330ADCA323058D4A13D1CD2C137B.pygtex) [51 <./Resources/proteusOutput/TimerCounter2_PhaseCorrectedPWM.png>]
Underfull \vbox (badness 10000) detected at line 407
 []


Underfull \vbox (badness 10000) detected at line 407
 []

[52]
Underfull \vbox (badness 10000) detected at line 407
 []


Underfull \vbox (badness 10000) detected at line 407
 []

[53]
Underfull \vbox (badness 10000) detected at line 407
 []


Underfull \vbox (badness 10000) detected at line 407
 []

[54]
Underfull \vbox (badness 10000) detected at line 407
 []


Underfull \vbox (badness 10000) detected at line 407
 []

[55]
<./Resources/proteusOutput/SPI.png, id=840, 846.16125pt x 478.78876pt>
File: ./Resources/proteusOutput/SPI.png Graphic file (type png)
<use ./Resources/proteusOutput/SPI.png>
Package pdftex.def Info: ./Resources/proteusOutput/SPI.png  used on input line 441.
(pdftex.def)             Requested size: 273.13991pt x 154.55301pt.
 [56] (/home/narendiran/Desktop/Atmega328pNotes/documentation/_minted-ATmega328P_PROGRAMS/717C608C13C382D598D34FDCA2AC2FAD43396D5A4707F99DEC8BE85A73CC45A8.pygtex) [57 <./Resources/proteusOutput/SPI.png>]
<./Resources/proteusOutput/USART0.png, id=850, 873.2625pt x 489.83pt>
File: ./Resources/proteusOutput/USART0.png Graphic file (type png)
<use ./Resources/proteusOutput/USART0.png>
Package pdftex.def Info: ./Resources/proteusOutput/USART0.png  used on input line 453.
(pdftex.def)             Requested size: 275.53218pt x 154.55301pt.
 (/home/narendiran/Desktop/Atmega328pNotes/documentation/_minted-ATmega328P_PROGRAMS/19FD7F404BD5C66C890D6A59A99729E2236E5EF56449E8E8F05A60595BBF3BBC.pygtex) [58 <./Resources/proteusOutput/USART0.png>] [59]
<./Resources/proteusOutput/TWI.png, id=860, 537.00626pt x 484.81125pt>
File: ./Resources/proteusOutput/TWI.png Graphic file (type png)
<use ./Resources/proteusOutput/TWI.png>
Package pdftex.def Info: ./Resources/proteusOutput/TWI.png  used on input line 465.
(pdftex.def)             Requested size: 171.18999pt x 154.55301pt.
 (/home/narendiran/Desktop/Atmega328pNotes/documentation/_minted-ATmega328P_PROGRAMS/043E693AFA6C96BD9BB8DC1D29F00B08A891CEB5C3BF24B578EC2A2E641A1A1C.pygtex) [60 <./Resources/proteusOutput/TWI.png>]
Underfull \vbox (badness 10000) detected at line 469
 []


Underfull \vbox (badness 10000) detected at line 469
 []

[61]
Underfull \vbox (badness 10000) detected at line 469
 []


Underfull \vbox (badness 10000) detected at line 469
 []

[62] (/home/narendiran/Desktop/Atmega328pNotes/documentation/_minted-ATmega328P_PROGRAMS/9E5307AC7963F9FC3AD300089AEF368A021BA2CF8B1E2EB7790BC8AB19B9F3DD.pygtex) [63]
Underfull \vbox (badness 10000) detected at line 471
 []


Underfull \vbox (badness 10000) detected at line 471
 []

[64]
Underfull \vbox (badness 10000) detected at line 471
 []


Underfull \vbox (badness 10000) detected at line 471
 []

[65]
<./Resources/proteusOutput/AnalogComparator.png, id=888, 1106.1325pt x 499.8675pt>
File: ./Resources/proteusOutput/AnalogComparator.png Graphic file (type png)
<use ./Resources/proteusOutput/AnalogComparator.png>
Package pdftex.def Info: ./Resources/proteusOutput/AnalogComparator.png  used on input line 480.
(pdftex.def)             Requested size: 342.00299pt x 154.55301pt.
 [66] (/home/narendiran/Desktop/Atmega328pNotes/documentation/_minted-ATmega328P_PROGRAMS/9FDDB7001D556A5C5628F3377D4AA72CF66959D96CB7A6908B96CE9DA1F88A26.pygtex) [67 <./Resources/proteusOutput/AnalogComparator.png>]
<./Resources/proteusOutput/AnalogToDigital.png, id=899, 796.9775pt x 484.81125pt>
File: ./Resources/proteusOutput/AnalogToDigital.png Graphic file (type png)
<use ./Resources/proteusOutput/AnalogToDigital.png>
Package pdftex.def Info: ./Resources/proteusOutput/AnalogToDigital.png  used on input line 492.
(pdftex.def)             Requested size: 254.06512pt x 154.55301pt.
 (/home/narendiran/Desktop/Atmega328pNotes/documentation/_minted-ATmega328P_PROGRAMS/359290A5A8D873400B332373B00DF02124B9D216F59355AC70FC1B4279CFFF8A.pygtex) [68 <./Resources/proteusOutput/AnalogToDigital.png>] [69]
Chapter 2.
<./Resources/proteusOutput/BasicLCD.png, id=909, 615.29875pt x 475.7775pt>
File: ./Resources/proteusOutput/BasicLCD.png Graphic file (type png)
<use ./Resources/proteusOutput/BasicLCD.png>
Package pdftex.def Info: ./Resources/proteusOutput/BasicLCD.png  used on input line 506.
(pdftex.def)             Requested size: 199.87582pt x 154.55301pt.
(/home/narendiran/Desktop/Atmega328pNotes/documentation/_minted-ATmega328P_PROGRAMS/0C1FDD3386E270A25C4AFFC25D0D8D58FA3C83EB174AE9A7636CA35FE6772BDD.pygtex)
<./Resources/proteusOutput/UARTLCD.png, id=910, 950.55125pt x 495.8525pt>
File: ./Resources/proteusOutput/UARTLCD.png Graphic file (type png)
<use ./Resources/proteusOutput/UARTLCD.png>
Package pdftex.def Info: ./Resources/proteusOutput/UARTLCD.png  used on input line 518.
(pdftex.def)             Requested size: 296.27782pt x 154.55301pt.
 [70

 <./Resources/proteusOutput/BasicLCD.png>] (/home/narendiran/Desktop/Atmega328pNotes/documentation/_minted-ATmega328P_PROGRAMS/DC4B0E59D9C1152B21B4983ED82F1156A96CEA4CA8275E5744D20FEFA61E4D49.pygtex)
<./Resources/proteusOutput/SPILCD.png, id=916, 1124.2pt x 447.6725pt>
File: ./Resources/proteusOutput/SPILCD.png Graphic file (type png)
<use ./Resources/proteusOutput/SPILCD.png>
Package pdftex.def Info: ./Resources/proteusOutput/SPILCD.png  used on input line 530.
(pdftex.def)             Requested size: 388.12389pt x 154.55301pt.
 [71 <./Resources/proteusOutput/UARTLCD.png>] (/home/narendiran/Desktop/Atmega328pNotes/documentation/_minted-ATmega328P_PROGRAMS/2BBF7697F01F5FABFF249F5FC05EE414F030DEDE95DA6C6290A232EE0D13DDB8.pygtex) [72 <./Resources/proteusOutput/SPILCD.png>]
Underfull \vbox (badness 10000) detected at line 533
 []


Underfull \vbox (badness 10000) detected at line 533
 []

[73]
Underfull \vbox (badness 10000) detected at line 533
 []


Underfull \vbox (badness 10000) detected at line 533
 []

[74]
<./Resources/proteusOutput/I2CLCD.png, id=936, 1028.84375pt x 503.8825pt>
File: ./Resources/proteusOutput/I2CLCD.png Graphic file (type png)
<use ./Resources/proteusOutput/I2CLCD.png>
Package pdftex.def Info: ./Resources/proteusOutput/I2CLCD.png  used on input line 542.
(pdftex.def)             Requested size: 315.563pt x 154.55301pt.
 [75 <./Resources/proteusOutput/I2CLCD.png>] (/home/narendiran/Desktop/Atmega328pNotes/documentation/_minted-ATmega328P_PROGRAMS/18EECAA9795EC6C81223465D09E51640E4773FDB489F9F63C577210BFC3287D3.pygtex)
Underfull \vbox (badness 1688) detected at line 545
 []

[76]
<./Resources/proteusOutput/I2CEEPROM.png, id=946, 768.8725pt x 479.7925pt>
File: ./Resources/proteusOutput/I2CEEPROM.png Graphic file (type png)
<use ./Resources/proteusOutput/I2CEEPROM.png>
Package pdftex.def Info: ./Resources/proteusOutput/I2CEEPROM.png  used on input line 556.
(pdftex.def)             Requested size: 247.67497pt x 154.55301pt.
 (/home/narendiran/Desktop/Atmega328pNotes/documentation/_minted-ATmega328P_PROGRAMS/44BA3E64E77776E77A9898E93D0321BFEA3BE1B0F7BDAFEE0073AA54EABE6934.pygtex) [77 <./Resources/proteusOutput/I2CEEPROM.png>]
Underfull \vbox (badness 10000) detected at line 559
 []


Underfull \vbox (badness 10000) detected at line 559
 []

[78]
<./Resources/proteusOutput/SPIEEPROM.png, id=956, 897.3525pt x 469.755pt>
File: ./Resources/proteusOutput/SPIEEPROM.png Graphic file (type png)
<use ./Resources/proteusOutput/SPIEEPROM.png>
Package pdftex.def Info: ./Resources/proteusOutput/SPIEEPROM.png  used on input line 569.
(pdftex.def)             Requested size: 295.23723pt x 154.55301pt.
 (/home/narendiran/Desktop/Atmega328pNotes/documentation/_minted-ATmega328P_PROGRAMS/B0D09545647E28C9E719FD488A18605C3481EEA03BAC6113932046FF079C6AD7.pygtex) [79 <./Resources/proteusOutput/SPIEEPROM.png>]
Underfull \vbox (badness 10000) detected at line 572
 []


Underfull \vbox (badness 10000) detected at line 572
 []

[80]
Underfull \vbox (badness 10000) detected at line 572
 []


Overfull \vbox (0.72313pt too high) detected at line 572
 []

[81]
<./Resources/proteusOutput/tamilOLED.png, id=971, 865.2325pt x 455.7025pt>
File: ./Resources/proteusOutput/tamilOLED.png Graphic file (type png)
<use ./Resources/proteusOutput/tamilOLED.png>
Package pdftex.def Info: ./Resources/proteusOutput/tamilOLED.png  used on input line 583.
(pdftex.def)             Requested size: 293.44902pt x 154.55301pt.
 (/home/narendiran/Desktop/Atmega328pNotes/documentation/_minted-ATmega328P_PROGRAMS/3BBDB4F8C6E53456AEC3A7EC88D8B0283A73EBF271534B3D67ABAB2B4EDA4851.pygtex) [82 <./Resources/proteusOutput/tamilOLED.png>]
Underfull \vbox (badness 10000) detected at line 586
 []


Underfull \vbox (badness 10000) detected at line 586
 []

[83]
Underfull \vbox (badness 10000) detected at line 586
 []


Underfull \vbox (badness 10000) detected at line 586
 []

[84]
Underfull \vbox (badness 10000) detected at line 586
 []


Underfull \vbox (badness 10000) detected at line 586
 []

[85]
Underfull \vbox (badness 10000) detected at line 586
 []


Underfull \vbox (badness 10000) detected at line 586
 []

[86] [87]
Chapter 3.
<./Resources/proteusOutput/setup.png, id=999, 717.68124pt x 662.475pt>
File: ./Resources/proteusOutput/setup.png Graphic file (type png)
<use ./Resources/proteusOutput/setup.png>
Package pdftex.def Info: ./Resources/proteusOutput/setup.png  used on input line 613.
(pdftex.def)             Requested size: 426.75734pt x 393.9284pt.
Package atveryend Info: Empty hook `BeforeClearDocument' on input line 616.
[88

 <./Resources/proteusOutput/setup.png>]
Package atveryend Info: Empty hook `AfterLastShipout' on input line 616.
 (/home/narendiran/Desktop/Atmega328pNotes/documentation/ATmega328P_PROGRAMS.aux)
Package atveryend Info: Executing hook `AtVeryEndDocument' on input line 616.
Package atveryend Info: Executing hook `AtEndAfterFileList' on input line 616.
Package rerunfilecheck Info: File `ATmega328P_PROGRAMS.out' has not changed.
(rerunfilecheck)             Checksum: E5D57A2B623B90F8E2169C346BBA29C9;6800.
Package atveryend Info: Empty hook `AtVeryVeryEnd' on input line 616.
 ) 
Here is how much of TeX's memory you used:
 10260 strings out of 483183
 188546 string characters out of 5966292
 602252 words of memory out of 5000000
 24799 multiletter control sequences out of 15000+600000
 536006 words of font info for 37 fonts, out of 8000000 for 9000
 14 hyphenation exceptions out of 8191
 35i,9n,45p,1028b,567s stack positions out of 5000i,500n,10000p,200000b,80000s
 </home/narendiran/.texlive2019/texmf-var/fonts/pk/ljfour/jknappen/ec/tcrm1000.600pk></usr/share/texlive/texmf-dist/fonts/type1/public/amsfonts/cm/cmbx10.pfb></usr/share/texlive/texmf-dist/fonts/type1/public/amsfonts/cm/cmbx12.pfb></usr/share/texlive/texmf-dist/fonts/type1/public/amsfonts/cm/cmbxti10.pfb></usr/share/texlive/texmf-dist/fonts/type1/public/amsfonts/cm/cmitt10.pfb></usr/share/texlive/texmf-dist/fonts/type1/public/amsfonts/cm/cmmi10.pfb></usr/share/texlive/texmf-dist/fonts/type1/public/amsfonts/cm/cmmi5.pfb></usr/share/texlive/texmf-dist/fonts/type1/public/amsfonts/cm/cmmi7.pfb></usr/share/texlive/texmf-dist/fonts/type1/public/amsfonts/cm/cmr10.pfb></usr/share/texlive/texmf-dist/fonts/type1/public/amsfonts/cm/cmr7.pfb></usr/share/texlive/texmf-dist/fonts/type1/public/amsfonts/cm/cmsy10.pfb></usr/share/texlive/texmf-dist/fonts/type1/public/amsfonts/cm/cmsy5.pfb></usr/share/texlive/texmf-dist/fonts/type1/public/amsfonts/cm/cmsy7.pfb></usr/share/texlive/texmf-dist/fonts/type1/public/amsfonts/cm/cmti10.pfb></usr/share/texlive/texmf-dist/fonts/type1/public/amsfonts/cm/cmtt10.pfb>
Output written on /home/narendiran/Desktop/Atmega328pNotes/documentation/ATmega328P_PROGRAMS.pdf (88 pages, 993508 bytes).
PDF statistics:
 1103 PDF objects out of 1200 (max. 8388607)
 932 compressed objects within 10 object streams
 201 named destinations out of 1000 (max. 500000)
 1029 words of extra memory for PDF output out of 10000 (max. 10000000)

