\BOOKMARK [1][-]{section.1}{Features}{}% 1
\BOOKMARK [1][-]{section.2}{Block Diagram}{}% 2
\BOOKMARK [1][-]{section.3}{Terminologies and Registers}{}% 3
\BOOKMARK [1][-]{section.4}{Timer/Counter1 Units}{}% 4
\BOOKMARK [2][-]{subsection.4.1}{Clock Source/Select Unit}{section.4}% 5
\BOOKMARK [2][-]{subsection.4.2}{Counter Unit}{section.4}% 6
\BOOKMARK [2][-]{subsection.4.3}{Input Capture Unit}{section.4}% 7
\BOOKMARK [2][-]{subsection.4.4}{Output Compare Unit}{section.4}% 8
\BOOKMARK [2][-]{subsection.4.5}{Compare Match Output Unit}{section.4}% 9
\BOOKMARK [1][-]{section.5}{Modes of Operation}{}% 10
\BOOKMARK [2][-]{subsection.5.1}{Normal Mode - Non-PWM Mode}{section.5}% 11
\BOOKMARK [2][-]{subsection.5.2}{Clear Timer on Compare Match\(CTC\) Mode - Non-PWM Mode}{section.5}% 12
\BOOKMARK [3][-]{subsubsection.5.2.1}{WGM1[3:0] == 0100}{subsection.5.2}% 13
\BOOKMARK [3][-]{subsubsection.5.2.2}{WGM1[3:0] == 1100}{subsection.5.2}% 14
\BOOKMARK [2][-]{subsection.5.3}{Fast PWM Mode}{section.5}% 15
\BOOKMARK [3][-]{subsubsection.5.3.1}{WGM1[3:0] == 0101}{subsection.5.3}% 16
\BOOKMARK [3][-]{subsubsection.5.3.2}{WGM1[3:0] == 0110}{subsection.5.3}% 17
\BOOKMARK [3][-]{subsubsection.5.3.3}{WGM1[3:0] == 0111}{subsection.5.3}% 18
\BOOKMARK [3][-]{subsubsection.5.3.4}{WGM1[3:0] == 1110}{subsection.5.3}% 19
\BOOKMARK [3][-]{subsubsection.5.3.5}{WGM1[3:0] == 1111}{subsection.5.3}% 20
\BOOKMARK [2][-]{subsection.5.4}{Phase Correct PWM Mode}{section.5}% 21
\BOOKMARK [3][-]{subsubsection.5.4.1}{WGM1[3:0] == 0001}{subsection.5.4}% 22
\BOOKMARK [3][-]{subsubsection.5.4.2}{WGM1[3:0] == 0010}{subsection.5.4}% 23
\BOOKMARK [3][-]{subsubsection.5.4.3}{WGM1[3:0] == 0011}{subsection.5.4}% 24
\BOOKMARK [3][-]{subsubsection.5.4.4}{WGM[2:0] == 1010}{subsection.5.4}% 25
\BOOKMARK [3][-]{subsubsection.5.4.5}{WGM[2:0] == 1011}{subsection.5.4}% 26
\BOOKMARK [2][-]{subsection.5.5}{Phase and Frequency Corrected PWM Mode}{section.5}% 27
\BOOKMARK [1][-]{section.6}{Register Description}{}% 28
\BOOKMARK [1][-]{section.7}{Configuring the Timer/Counter}{}% 29
\BOOKMARK [2][-]{subsection.7.1}{Normal Mode}{section.7}% 30
\BOOKMARK [3][-]{subsubsection.7.1.1}{As Timer}{subsection.7.1}% 31
\BOOKMARK [3][-]{subsubsection.7.1.2}{As Counter}{subsection.7.1}% 32
\BOOKMARK [3][-]{subsubsection.7.1.3}{As Input Capture}{subsection.7.1}% 33
\BOOKMARK [3][-]{subsubsection.7.1.4}{Application I - Delay}{subsection.7.1}% 34
\BOOKMARK [2][-]{subsection.7.2}{CTC Mode}{section.7}% 35
\BOOKMARK [3][-]{subsubsection.7.2.1}{As Timer}{subsection.7.2}% 36
\BOOKMARK [3][-]{subsubsection.7.2.2}{As Counter}{subsection.7.2}% 37
\BOOKMARK [2][-]{subsection.7.3}{Application I - Delay}{section.7}% 38
\BOOKMARK [2][-]{subsection.7.4}{Fast PWM Mode}{section.7}% 39
\BOOKMARK [3][-]{subsubsection.7.4.1}{Non-Inverting PWM with TOP at MAX\(0x00FF or 0x01FF or 0x03FF\)}{subsection.7.4}% 40
\BOOKMARK [3][-]{subsubsection.7.4.2}{Inverting PWM with TOP at MAX\(0x00FF or 0x01FF or 0x03FF\)}{subsection.7.4}% 41
\BOOKMARK [3][-]{subsubsection.7.4.3}{Non-Inverting PWM with TOP at OCR1A}{subsection.7.4}% 42
\BOOKMARK [3][-]{subsubsection.7.4.4}{Inverting PWM with TOP at OCR1A}{subsection.7.4}% 43
\BOOKMARK [3][-]{subsubsection.7.4.5}{Toggling mode square Wave}{subsection.7.4}% 44
\BOOKMARK [3][-]{subsubsection.7.4.6}{Application I - PWM generation}{subsection.7.4}% 45
\BOOKMARK [2][-]{subsection.7.5}{Phase Corrected PWM Mode}{section.7}% 46
\BOOKMARK [3][-]{subsubsection.7.5.1}{Non-Inverting PWM with TOP at MAX\(0x00FF or 0x01FF or 0x03FF\)}{subsection.7.5}% 47
\BOOKMARK [3][-]{subsubsection.7.5.2}{Inverting PWM with TOP at MAX\(0x00FF or 0x01FF or 0x03FF\)}{subsection.7.5}% 48
\BOOKMARK [3][-]{subsubsection.7.5.3}{Non-Inverting PWM with TOP at OCR1A}{subsection.7.5}% 49
\BOOKMARK [3][-]{subsubsection.7.5.4}{Inverting PWM with TOP at OCR1A}{subsection.7.5}% 50
\BOOKMARK [3][-]{subsubsection.7.5.5}{Application I - PWM generation}{subsection.7.5}% 51
